TN:
SF:components/ActionMenu.tsx
FN:35,(anonymous_9)
FN:46,(anonymous_10)
FN:50,(anonymous_11)
FN:57,(anonymous_12)
FN:64,(anonymous_13)
FN:71,(anonymous_14)
FN:78,(anonymous_15)
FN:85,(anonymous_16)
FN:124,(anonymous_17)
FN:127,(anonymous_18)
FN:136,(anonymous_19)
FN:145,(anonymous_20)
FN:151,(anonymous_21)
FN:157,(anonymous_22)
FN:162,(anonymous_23)
FN:183,(anonymous_24)
FN:189,(anonymous_25)
FN:211,(anonymous_26)
FNF:18
FNH:0
FNDA:0,(anonymous_9)
FNDA:0,(anonymous_10)
FNDA:0,(anonymous_11)
FNDA:0,(anonymous_12)
FNDA:0,(anonymous_13)
FNDA:0,(anonymous_14)
FNDA:0,(anonymous_15)
FNDA:0,(anonymous_16)
FNDA:0,(anonymous_17)
FNDA:0,(anonymous_18)
FNDA:0,(anonymous_19)
FNDA:0,(anonymous_20)
FNDA:0,(anonymous_21)
FNDA:0,(anonymous_22)
FNDA:0,(anonymous_23)
FNDA:0,(anonymous_24)
FNDA:0,(anonymous_25)
FNDA:0,(anonymous_26)
DA:1,0
DA:2,0
DA:3,0
DA:30,0
DA:31,0
DA:32,0
DA:33,0
DA:35,0
DA:36,0
DA:37,0
DA:38,0
DA:39,0
DA:46,0
DA:50,0
DA:57,0
DA:64,0
DA:71,0
DA:78,0
DA:85,0
DA:86,0
DA:87,0
DA:89,0
DA:90,0
DA:91,0
DA:93,0
DA:94,0
DA:95,0
DA:97,0
DA:98,0
DA:99,0
DA:101,0
DA:105,0
DA:109,0
DA:111,0
DA:116,0
DA:121,0
DA:124,0
DA:125,0
DA:127,0
DA:128,0
DA:129,0
DA:130,0
DA:131,0
DA:132,0
DA:136,0
DA:137,0
DA:138,0
DA:142,0
DA:143,0
DA:145,0
DA:146,0
DA:147,0
DA:151,0
DA:152,0
DA:154,0
DA:155,0
DA:157,0
DA:159,0
DA:160,0
DA:162,0
DA:163,0
DA:164,0
DA:165,0
DA:169,0
DA:184,0
DA:190,0
DA:191,0
DA:207,0
DA:211,0
DA:223,0
LF:70
LH:0
BRDA:47,0,0,0
BRDA:47,0,1,0
BRDA:68,1,0,0
BRDA:68,1,1,0
BRDA:75,2,0,0
BRDA:75,2,1,0
BRDA:87,3,0,0
BRDA:93,4,0,0
BRDA:93,4,1,0
BRDA:95,5,0,0
BRDA:95,5,1,0
BRDA:99,6,0,0
BRDA:99,6,1,0
BRDA:101,7,0,0
BRDA:101,7,1,0
BRDA:105,8,0,0
BRDA:105,8,1,0
BRDA:125,9,0,0
BRDA:131,10,0,0
BRDA:131,11,0,0
BRDA:131,11,1,0
BRDA:137,12,0,0
BRDA:152,13,0,0
BRDA:169,14,0,0
BRDA:169,14,1,0
BRDA:181,15,0,0
BRDA:181,15,1,0
BRDA:185,16,0,0
BRDA:185,16,1,0
BRF:29
BRH:0
end_of_record
TN:
SF:components/AdminPanel.tsx
FN:74,(anonymous_10)
FN:79,(anonymous_11)
FN:83,(anonymous_12)
FN:103,(anonymous_13)
FN:106,(anonymous_14)
FN:121,(anonymous_15)
FN:132,(anonymous_16)
FN:159,(anonymous_17)
FN:174,(anonymous_18)
FN:180,(anonymous_19)
FN:190,(anonymous_20)
FN:196,(anonymous_21)
FN:202,(anonymous_22)
FN:207,(anonymous_23)
FN:210,(anonymous_24)
FN:217,(anonymous_25)
FN:226,(anonymous_26)
FN:311,(anonymous_27)
FN:321,(anonymous_28)
FN:344,(anonymous_29)
FN:374,(anonymous_30)
FN:375,(anonymous_31)
FN:384,(anonymous_32)
FN:395,(anonymous_33)
FN:426,(anonymous_34)
FN:430,(anonymous_35)
FN:454,(anonymous_36)
FN:458,(anonymous_37)
FN:476,(anonymous_38)
FN:530,(anonymous_39)
FN:540,(anonymous_40)
FN:550,(anonymous_41)
FN:593,(anonymous_42)
FN:604,(anonymous_43)
FN:616,(anonymous_44)
FN:628,(anonymous_45)
FN:632,(anonymous_46)
FN:640,(anonymous_47)
FN:660,(anonymous_48)
FN:673,(anonymous_49)
FN:682,(anonymous_50)
FN:690,(anonymous_51)
FN:709,(anonymous_52)
FN:715,(anonymous_53)
FN:716,(anonymous_54)
FN:737,(anonymous_55)
FNF:46
FNH:0
FNDA:0,(anonymous_10)
FNDA:0,(anonymous_11)
FNDA:0,(anonymous_12)
FNDA:0,(anonymous_13)
FNDA:0,(anonymous_14)
FNDA:0,(anonymous_15)
FNDA:0,(anonymous_16)
FNDA:0,(anonymous_17)
FNDA:0,(anonymous_18)
FNDA:0,(anonymous_19)
FNDA:0,(anonymous_20)
FNDA:0,(anonymous_21)
FNDA:0,(anonymous_22)
FNDA:0,(anonymous_23)
FNDA:0,(anonymous_24)
FNDA:0,(anonymous_25)
FNDA:0,(anonymous_26)
FNDA:0,(anonymous_27)
FNDA:0,(anonymous_28)
FNDA:0,(anonymous_29)
FNDA:0,(anonymous_30)
FNDA:0,(anonymous_31)
FNDA:0,(anonymous_32)
FNDA:0,(anonymous_33)
FNDA:0,(anonymous_34)
FNDA:0,(anonymous_35)
FNDA:0,(anonymous_36)
FNDA:0,(anonymous_37)
FNDA:0,(anonymous_38)
FNDA:0,(anonymous_39)
FNDA:0,(anonymous_40)
FNDA:0,(anonymous_41)
FNDA:0,(anonymous_42)
FNDA:0,(anonymous_43)
FNDA:0,(anonymous_44)
FNDA:0,(anonymous_45)
FNDA:0,(anonymous_46)
FNDA:0,(anonymous_47)
FNDA:0,(anonymous_48)
FNDA:0,(anonymous_49)
FNDA:0,(anonymous_50)
FNDA:0,(anonymous_51)
FNDA:0,(anonymous_52)
FNDA:0,(anonymous_53)
FNDA:0,(anonymous_54)
FNDA:0,(anonymous_55)
DA:2,0
DA:3,0
DA:27,0
DA:29,0
DA:30,0
DA:31,0
DA:41,0
DA:42,0
DA:43,0
DA:45,0
DA:74,0
DA:75,0
DA:76,0
DA:79,0
DA:80,0
DA:83,0
DA:84,0
DA:85,0
DA:86,0
DA:88,0
DA:89,0
DA:90,0
DA:91,0
DA:92,0
DA:93,0
DA:94,0
DA:96,0
DA:97,0
DA:98,0
DA:99,0
DA:100,0
DA:101,0
DA:102,0
DA:103,0
DA:104,0
DA:106,0
DA:107,0
DA:116,0
DA:117,0
DA:121,0
DA:122,0
DA:123,0
DA:124,0
DA:125,0
DA:127,0
DA:128,0
DA:132,0
DA:133,0
DA:134,0
DA:136,0
DA:137,0
DA:141,0
DA:151,0
DA:158,0
DA:160,0
DA:161,0
DA:162,0
DA:163,0
DA:164,0
DA:174,0
DA:176,0
DA:177,0
DA:180,0
DA:181,0
DA:182,0
DA:183,0
DA:184,0
DA:186,0
DA:190,0
DA:191,0
DA:192,0
DA:196,0
DA:197,0
DA:198,0
DA:202,0
DA:203,0
DA:205,0
DA:208,0
DA:210,0
DA:211,0
DA:212,0
DA:217,0
DA:218,0
DA:219,0
DA:220,0
DA:222,0
DA:226,0
DA:227,0
DA:228,0
DA:229,0
DA:232,0
DA:233,0
DA:234,0
DA:237,0
DA:238,0
DA:239,0
DA:241,0
DA:242,0
DA:243,0
DA:244,0
DA:246,0
DA:260,0
DA:261,0
DA:264,0
DA:265,0
DA:266,0
DA:268,0
DA:269,0
DA:270,0
DA:272,0
DA:273,0
DA:274,0
DA:276,0
DA:277,0
DA:282,0
DA:290,0
DA:292,0
DA:293,0
DA:294,0
DA:295,0
DA:296,0
DA:297,0
DA:298,0
DA:300,0
DA:301,0
DA:302,0
DA:304,0
DA:307,0
DA:311,0
DA:312,0
DA:313,0
DA:314,0
DA:317,0
DA:318,0
DA:319,0
DA:321,0
DA:322,0
DA:323,0
DA:333,0
DA:340,0
DA:341,0
DA:344,0
DA:345,0
DA:346,0
DA:347,0
DA:350,0
DA:351,0
DA:352,0
DA:354,0
DA:355,0
DA:356,0
DA:358,0
DA:359,0
DA:360,0
DA:362,0
DA:370,0
DA:371,0
DA:374,0
DA:375,0
DA:384,0
DA:385,0
DA:386,0
DA:387,0
DA:389,0
DA:390,0
DA:391,0
DA:394,0
DA:395,0
DA:397,0
DA:398,0
DA:400,0
DA:401,0
DA:403,0
DA:404,0
DA:405,0
DA:408,0
DA:411,0
DA:412,0
DA:413,0
DA:415,0
DA:422,0
DA:423,0
DA:426,0
DA:427,0
DA:428,0
DA:429,0
DA:430,0
DA:432,0
DA:433,0
DA:437,0
DA:438,0
DA:441,0
DA:442,0
DA:450,0
DA:452,0
DA:454,0
DA:458,0
DA:459,0
DA:460,0
DA:461,0
DA:464,0
DA:465,0
DA:472,0
DA:473,0
DA:476,0
DA:477,0
DA:478,0
DA:479,0
DA:482,0
DA:483,0
DA:490,0
DA:491,0
DA:496,0
DA:498,0
DA:530,0
DA:540,0
DA:550,0
DA:593,0
DA:604,0
DA:616,0
DA:628,0
DA:632,0
DA:640,0
DA:661,0
DA:673,0
DA:682,0
DA:690,0
DA:709,0
DA:715,0
DA:717,0
DA:738,0
DA:739,0
DA:749,0
LF:233
LH:0
BRDA:76,0,0,0
BRDA:76,0,1,0
BRDA:83,1,0,0
BRDA:116,2,0,0
BRDA:132,3,0,0
BRDA:132,3,1,0
BRDA:133,4,0,0
BRDA:133,4,1,0
BRDA:134,5,0,0
BRDA:136,6,0,0
BRDA:136,6,1,0
BRDA:137,7,0,0
BRDA:137,7,1,0
BRDA:137,8,0,0
BRDA:137,8,1,0
BRDA:137,8,2,0
BRDA:143,9,0,0
BRDA:143,9,1,0
BRDA:144,10,0,0
BRDA:144,10,1,0
BRDA:161,11,0,0
BRDA:161,11,1,0
BRDA:163,12,0,0
BRDA:163,12,1,0
BRDA:166,13,0,0
BRDA:166,13,1,0
BRDA:166,14,0,0
BRDA:166,14,1,0
BRDA:167,15,0,0
BRDA:167,15,1,0
BRDA:168,16,0,0
BRDA:168,16,1,0
BRDA:171,17,0,0
BRDA:171,17,1,0
BRDA:191,18,0,0
BRDA:191,19,0,0
BRDA:191,19,1,0
BRDA:197,20,0,0
BRDA:203,21,0,0
BRDA:208,22,0,0
BRDA:218,23,0,0
BRDA:227,24,0,0
BRDA:227,25,0,0
BRDA:227,25,1,0
BRDA:227,25,2,0
BRDA:227,25,3,0
BRDA:232,26,0,0
BRDA:260,27,0,0
BRDA:300,28,0,0
BRDA:300,28,1,0
BRDA:301,29,0,0
BRDA:301,29,1,0
BRDA:312,30,0,0
BRDA:312,31,0,0
BRDA:312,31,1,0
BRDA:326,32,0,0
BRDA:326,32,1,0
BRDA:327,33,0,0
BRDA:327,33,1,0
BRDA:345,34,0,0
BRDA:378,35,0,0
BRDA:378,35,1,0
BRDA:385,36,0,0
BRDA:385,36,1,0
BRDA:389,37,0,0
BRDA:389,38,0,0
BRDA:389,38,1,0
BRDA:395,39,0,0
BRDA:395,39,1,0
BRDA:404,40,0,0
BRDA:404,40,1,0
BRDA:405,41,0,0
BRDA:405,41,1,0
BRDA:437,42,0,0
BRDA:452,43,0,0
BRDA:452,43,1,0
BRDA:459,44,0,0
BRDA:467,45,0,0
BRDA:467,45,1,0
BRDA:470,46,0,0
BRDA:470,46,1,0
BRDA:473,47,0,0
BRDA:473,47,1,0
BRDA:477,48,0,0
BRDA:485,49,0,0
BRDA:485,49,1,0
BRDA:488,50,0,0
BRDA:488,50,1,0
BRDA:491,51,0,0
BRDA:491,51,1,0
BRDA:496,52,0,0
BRDA:531,53,0,0
BRDA:531,53,1,0
BRDA:541,54,0,0
BRDA:541,54,1,0
BRDA:551,55,0,0
BRDA:551,55,1,0
BRDA:563,56,0,0
BRDA:563,56,1,0
BRDA:566,57,0,0
BRDA:566,57,1,0
BRDA:572,58,0,0
BRDA:572,58,1,0
BRDA:625,59,0,0
BRDA:625,59,1,0
BRDA:635,60,0,0
BRDA:635,60,1,0
BRDA:652,61,0,0
BRDA:652,61,1,0
BRDA:664,62,0,0
BRDA:664,62,1,0
BRDA:665,63,0,0
BRDA:665,63,1,0
BRDA:701,64,0,0
BRDA:701,64,1,0
BRDA:715,65,0,0
BRDA:715,65,1,0
BRDA:728,66,0,0
BRDA:728,66,1,0
BRF:119
BRH:0
end_of_record
TN:
SF:components/AdvancedFilters.tsx
FN:19,(anonymous_9)
FN:22,(anonymous_10)
FN:24,(anonymous_11)
FN:32,(anonymous_12)
FN:69,(anonymous_13)
FN:83,(anonymous_14)
FN:101,(anonymous_15)
FN:115,(anonymous_16)
FN:126,(anonymous_17)
FNF:9
FNH:0
FNDA:0,(anonymous_9)
FNDA:0,(anonymous_10)
FNDA:0,(anonymous_11)
FNDA:0,(anonymous_12)
FNDA:0,(anonymous_13)
FNDA:0,(anonymous_14)
FNDA:0,(anonymous_15)
FNDA:0,(anonymous_16)
FNDA:0,(anonymous_17)
DA:2,0
DA:3,0
DA:19,0
DA:20,0
DA:22,0
DA:24,0
DA:25,0
DA:28,0
DA:32,0
DA:69,0
DA:83,0
DA:101,0
DA:115,0
DA:126,0
DA:154,0
LF:15
LH:0
BRDA:36,0,0,0
BRDA:36,0,1,0
BRDA:42,1,0,0
BRDA:42,1,1,0
BRDA:48,2,0,0
BRDA:48,2,1,0
BRDA:56,3,0,0
BRDA:56,3,1,0
BRDA:139,4,0,0
BRDA:139,4,1,0
BRF:10
BRH:0
end_of_record
TN:
SF:components/CalendarView.tsx
FN:15,(anonymous_9)
FN:37,(anonymous_10)
FN:39,(anonymous_11)
FN:43,(anonymous_12)
FN:49,(anonymous_13)
FN:53,(anonymous_14)
FN:67,(anonymous_15)
FN:70,(anonymous_16)
FN:102,(anonymous_17)
FN:115,(anonymous_18)
FN:154,(anonymous_19)
FN:157,(anonymous_20)
FN:171,(anonymous_21)
FN:172,(anonymous_22)
FN:173,(anonymous_23)
FN:175,(anonymous_24)
FN:179,(anonymous_25)
FN:183,(anonymous_26)
FN:195,(anonymous_27)
FN:214,(anonymous_28)
FN:246,(anonymous_29)
FN:249,(anonymous_30)
FN:278,(anonymous_31)
FN:281,(anonymous_32)
FN:289,(anonymous_33)
FN:317,(anonymous_34)
FN:346,(anonymous_35)
FN:358,(anonymous_36)
FN:377,(anonymous_37)
FN:414,(anonymous_38)
FN:420,(anonymous_39)
FN:424,(anonymous_40)
FN:435,(anonymous_41)
FN:463,(anonymous_42)
FN:507,(anonymous_43)
FN:514,(anonymous_44)
FNF:36
FNH:0
FNDA:0,(anonymous_9)
FNDA:0,(anonymous_10)
FNDA:0,(anonymous_11)
FNDA:0,(anonymous_12)
FNDA:0,(anonymous_13)
FNDA:0,(anonymous_14)
FNDA:0,(anonymous_15)
FNDA:0,(anonymous_16)
FNDA:0,(anonymous_17)
FNDA:0,(anonymous_18)
FNDA:0,(anonymous_19)
FNDA:0,(anonymous_20)
FNDA:0,(anonymous_21)
FNDA:0,(anonymous_22)
FNDA:0,(anonymous_23)
FNDA:0,(anonymous_24)
FNDA:0,(anonymous_25)
FNDA:0,(anonymous_26)
FNDA:0,(anonymous_27)
FNDA:0,(anonymous_28)
FNDA:0,(anonymous_29)
FNDA:0,(anonymous_30)
FNDA:0,(anonymous_31)
FNDA:0,(anonymous_32)
FNDA:0,(anonymous_33)
FNDA:0,(anonymous_34)
FNDA:0,(anonymous_35)
FNDA:0,(anonymous_36)
FNDA:0,(anonymous_37)
FNDA:0,(anonymous_38)
FNDA:0,(anonymous_39)
FNDA:0,(anonymous_40)
FNDA:0,(anonymous_41)
FNDA:0,(anonymous_42)
FNDA:0,(anonymous_43)
FNDA:0,(anonymous_44)
DA:1,0
DA:3,0
DA:4,0
DA:15,0
DA:16,0
DA:17,0
DA:20,0
DA:21,0
DA:22,0
DA:23,0
DA:24,0
DA:26,0
DA:27,0
DA:29,0
DA:31,0
DA:33,0
DA:34,0
DA:37,0
DA:38,0
DA:39,0
DA:40,0
DA:42,0
DA:43,0
DA:49,0
DA:50,0
DA:51,0
DA:53,0
DA:54,0
DA:55,0
DA:56,0
DA:57,0
DA:60,0
DA:62,0
DA:67,0
DA:68,0
DA:70,0
DA:71,0
DA:72,0
DA:75,0
DA:76,0
DA:77,0
DA:79,0
DA:82,0
DA:83,0
DA:84,0
DA:85,0
DA:86,0
DA:87,0
DA:88,0
DA:98,0
DA:102,0
DA:103,0
DA:104,0
DA:106,0
DA:107,0
DA:108,0
DA:110,0
DA:111,0
DA:112,0
DA:115,0
DA:116,0
DA:118,0
DA:120,0
DA:121,0
DA:123,0
DA:124,0
DA:127,0
DA:128,0
DA:131,0
DA:132,0
DA:136,0
DA:137,0
DA:141,0
DA:142,0
DA:143,0
DA:145,0
DA:146,0
DA:150,0
DA:154,0
DA:155,0
DA:156,0
DA:157,0
DA:158,0
DA:159,0
DA:160,0
DA:161,0
DA:162,0
DA:163,0
DA:164,0
DA:165,0
DA:167,0
DA:171,0
DA:172,0
DA:173,0
DA:175,0
DA:176,0
DA:177,0
DA:179,0
DA:180,0
DA:183,0
DA:184,0
DA:185,0
DA:186,0
DA:187,0
DA:190,0
DA:192,0
DA:195,0
DA:214,0
DA:247,0
DA:250,0
DA:251,0
DA:279,0
DA:282,0
DA:283,0
DA:289,0
DA:318,0
DA:347,0
DA:348,0
DA:349,0
DA:354,0
DA:358,0
DA:377,0
DA:415,0
DA:421,0
DA:425,0
DA:426,0
DA:427,0
DA:428,0
DA:429,0
DA:430,0
DA:432,0
DA:436,0
DA:437,0
DA:438,0
DA:440,0
DA:441,0
DA:464,0
DA:465,0
DA:466,0
DA:468,0
DA:507,0
DA:515,0
DA:516,0
DA:630,0
LF:144
LH:0
BRDA:40,0,0,0
BRDA:54,1,0,0
BRDA:54,2,0,0
BRDA:54,2,1,0
BRDA:55,3,0,0
BRDA:57,4,0,0
BRDA:57,4,1,0
BRDA:60,5,0,0
BRDA:60,6,0,0
BRDA:60,6,1,0
BRDA:71,7,0,0
BRDA:75,8,0,0
BRDA:75,8,1,0
BRDA:75,9,0,0
BRDA:75,9,1,0
BRDA:79,10,0,0
BRDA:79,10,1,0
BRDA:85,11,0,0
BRDA:85,12,0,0
BRDA:85,12,1,0
BRDA:87,13,0,0
BRDA:92,14,0,0
BRDA:92,14,1,0
BRDA:116,15,0,0
BRDA:120,16,0,0
BRDA:120,16,1,0
BRDA:120,17,0,0
BRDA:120,17,1,0
BRDA:124,18,0,0
BRDA:124,18,1,0
BRDA:131,19,0,0
BRDA:136,20,0,0
BRDA:136,21,0,0
BRDA:136,21,1,0
BRDA:145,22,0,0
BRDA:145,23,0,0
BRDA:145,23,1,0
BRDA:158,24,0,0
BRDA:160,25,0,0
BRDA:160,26,0,0
BRDA:160,26,1,0
BRDA:161,27,0,0
BRDA:161,27,1,0
BRDA:162,28,0,0
BRDA:164,29,0,0
BRDA:164,29,1,0
BRDA:177,30,0,0
BRDA:177,30,1,0
BRDA:180,31,0,0
BRDA:180,31,1,0
BRDA:180,31,2,0
BRDA:184,32,0,0
BRDA:184,33,0,0
BRDA:184,33,1,0
BRDA:185,34,0,0
BRDA:186,35,0,0
BRDA:190,36,0,0
BRDA:215,37,0,0
BRDA:215,37,1,0
BRDA:218,38,0,0
BRDA:218,38,1,0
BRDA:229,39,0,0
BRDA:229,39,1,0
BRDA:246,40,0,0
BRDA:246,40,1,0
BRDA:257,41,0,0
BRDA:257,41,1,0
BRDA:257,42,0,0
BRDA:257,42,1,0
BRDA:278,43,0,0
BRDA:278,43,1,0
BRDA:289,44,0,0
BRDA:289,44,1,0
BRDA:294,45,0,0
BRDA:294,45,1,0
BRDA:296,46,0,0
BRDA:296,46,1,0
BRDA:317,47,0,0
BRDA:317,47,1,0
BRDA:350,48,0,0
BRDA:350,48,1,0
BRDA:351,49,0,0
BRDA:351,49,1,0
BRDA:352,50,0,0
BRDA:352,50,1,0
BRDA:415,51,0,0
BRDA:415,51,1,0
BRDA:415,52,0,0
BRDA:415,52,1,0
BRDA:426,53,0,0
BRDA:426,53,1,0
BRDA:436,54,0,0
BRDA:436,54,1,0
BRDA:437,55,0,0
BRDA:437,55,1,0
BRDA:446,56,0,0
BRDA:446,56,1,0
BRDA:446,57,0,0
BRDA:446,57,1,0
BRDA:447,58,0,0
BRDA:447,58,1,0
BRDA:448,59,0,0
BRDA:448,59,1,0
BRDA:454,60,0,0
BRDA:454,60,1,0
BRDA:454,61,0,0
BRDA:454,61,1,0
BRDA:454,62,0,0
BRDA:454,62,1,0
BRDA:458,63,0,0
BRDA:458,63,1,0
BRDA:458,63,2,0
BRDA:458,64,0,0
BRDA:458,64,1,0
BRDA:461,65,0,0
BRDA:461,65,1,0
BRDA:465,66,0,0
BRDA:465,66,1,0
BRDA:474,67,0,0
BRDA:474,67,1,0
BRDA:478,68,0,0
BRDA:478,68,1,0
BRDA:492,69,0,0
BRDA:492,69,1,0
BRDA:492,69,2,0
BRDA:497,70,0,0
BRDA:497,70,1,0
BRDA:500,71,0,0
BRDA:500,71,1,0
BRDA:514,72,0,0
BRDA:514,72,1,0
BRDA:514,73,0,0
BRDA:514,73,1,0
BRDA:519,74,0,0
BRDA:519,74,1,0
BRDA:523,75,0,0
BRDA:523,75,1,0
BRDA:528,76,0,0
BRDA:528,76,1,0
BRDA:534,77,0,0
BRDA:534,77,1,0
BRDA:545,78,0,0
BRDA:545,78,1,0
BRDA:553,79,0,0
BRDA:553,79,1,0
BRDA:557,80,0,0
BRDA:557,80,1,0
BRDA:565,81,0,0
BRDA:565,81,1,0
BRDA:574,82,0,0
BRDA:574,82,1,0
BRDA:575,83,0,0
BRDA:575,83,1,0
BRDA:575,84,0,0
BRDA:575,84,1,0
BRDA:577,85,0,0
BRDA:577,85,1,0
BRDA:587,86,0,0
BRDA:587,86,1,0
BRDA:587,87,0,0
BRDA:587,87,1,0
BRF:161
BRH:0
end_of_record
TN:
SF:components/CommandPalette.tsx
FN:39,(anonymous_9)
FN:56,(anonymous_10)
FN:60,(anonymous_11)
FN:65,(anonymous_12)
FN:73,(anonymous_13)
FN:83,(anonymous_14)
FN:93,(anonymous_15)
FN:103,(anonymous_16)
FN:113,(anonymous_17)
FN:123,(anonymous_18)
FN:133,(anonymous_19)
FN:139,(anonymous_20)
FN:140,(anonymous_21)
FN:147,(anonymous_22)
FN:153,(anonymous_23)
FN:156,(anonymous_24)
FN:158,(anonymous_25)
FN:170,(anonymous_26)
FN:176,(anonymous_27)
FN:188,(anonymous_28)
FN:195,(anonymous_29)
FN:201,(anonymous_30)
FN:205,(anonymous_31)
FN:211,(anonymous_32)
FN:229,(anonymous_33)
FN:237,(anonymous_34)
FN:243,(anonymous_35)
FN:252,(anonymous_36)
FN:272,(anonymous_37)
FN:281,(anonymous_38)
FN:306,(anonymous_39)
FN:310,(anonymous_40)
FNF:32
FNH:0
FNDA:0,(anonymous_9)
FNDA:0,(anonymous_10)
FNDA:0,(anonymous_11)
FNDA:0,(anonymous_12)
FNDA:0,(anonymous_13)
FNDA:0,(anonymous_14)
FNDA:0,(anonymous_15)
FNDA:0,(anonymous_16)
FNDA:0,(anonymous_17)
FNDA:0,(anonymous_18)
FNDA:0,(anonymous_19)
FNDA:0,(anonymous_20)
FNDA:0,(anonymous_21)
FNDA:0,(anonymous_22)
FNDA:0,(anonymous_23)
FNDA:0,(anonymous_24)
FNDA:0,(anonymous_25)
FNDA:0,(anonymous_26)
FNDA:0,(anonymous_27)
FNDA:0,(anonymous_28)
FNDA:0,(anonymous_29)
FNDA:0,(anonymous_30)
FNDA:0,(anonymous_31)
FNDA:0,(anonymous_32)
FNDA:0,(anonymous_33)
FNDA:0,(anonymous_34)
FNDA:0,(anonymous_35)
FNDA:0,(anonymous_36)
FNDA:0,(anonymous_37)
FNDA:0,(anonymous_38)
FNDA:0,(anonymous_39)
FNDA:0,(anonymous_40)
DA:6,0
DA:7,0
DA:12,0
DA:13,0
DA:39,0
DA:50,0
DA:51,0
DA:52,0
DA:53,0
DA:56,0
DA:57,0
DA:58,0
DA:59,0
DA:60,0
DA:65,0
DA:73,0
DA:83,0
DA:93,0
DA:103,0
DA:113,0
DA:123,0
DA:133,0
DA:139,0
DA:140,0
DA:147,0
DA:153,0
DA:154,0
DA:156,0
DA:158,0
DA:170,0
DA:176,0
DA:177,0
DA:178,0
DA:180,0
DA:182,0
DA:185,0
DA:187,0
DA:189,0
DA:195,0
DA:201,0
DA:202,0
DA:204,0
DA:205,0
DA:206,0
DA:208,0
DA:210,0
DA:211,0
DA:212,0
DA:214,0
DA:216,0
DA:217,0
DA:218,0
DA:220,0
DA:222,0
DA:223,0
DA:224,0
DA:229,0
DA:230,0
DA:231,0
DA:232,0
DA:237,0
DA:238,0
DA:241,0
DA:243,0
DA:244,0
DA:245,0
DA:246,0
DA:247,0
DA:248,0
DA:252,0
DA:253,0
DA:254,0
DA:255,0
DA:256,0
DA:257,0
DA:261,0
DA:272,0
DA:281,0
DA:307,0
DA:310,0
DA:397,0
LF:81
LH:0
BRDA:57,0,0,0
BRDA:180,1,0,0
BRDA:191,2,0,0
BRDA:191,2,1,0
BRDA:192,3,0,0
BRDA:192,3,1,0
BRDA:202,4,0,0
BRDA:202,4,1,0
BRDA:202,4,2,0
BRDA:202,4,3,0
BRDA:206,5,0,0
BRDA:206,5,1,0
BRDA:212,6,0,0
BRDA:212,6,1,0
BRDA:217,7,0,0
BRDA:231,8,0,0
BRDA:241,9,0,0
BRDA:244,10,0,0
BRDA:244,10,1,0
BRDA:244,10,2,0
BRDA:244,10,3,0
BRDA:253,11,0,0
BRDA:253,11,1,0
BRDA:253,11,2,0
BRDA:253,11,3,0
BRDA:304,12,0,0
BRDA:304,12,1,0
BRDA:311,13,0,0
BRDA:311,13,1,0
BRDA:317,14,0,0
BRDA:317,14,1,0
BRDA:326,15,0,0
BRDA:326,15,1,0
BRDA:332,16,0,0
BRDA:332,16,1,0
BRDA:345,17,0,0
BRDA:345,17,1,0
BRDA:352,18,0,0
BRDA:352,18,1,0
BRF:39
BRH:0
end_of_record
TN:
SF:components/ConfirmModal.tsx
FN:15,(anonymous_9)
FN:30,(anonymous_10)
FN:36,(anonymous_11)
FN:44,(anonymous_12)
FN:54,(anonymous_13)
FN:78,(anonymous_14)
FN:83,(anonymous_15)
FNF:7
FNH:0
FNDA:0,(anonymous_9)
FNDA:0,(anonymous_10)
FNDA:0,(anonymous_11)
FNDA:0,(anonymous_12)
FNDA:0,(anonymous_13)
FNDA:0,(anonymous_14)
FNDA:0,(anonymous_15)
DA:1,0
DA:2,0
DA:15,0
DA:25,0
DA:26,0
DA:27,0
DA:30,0
DA:31,0
DA:33,0
DA:36,0
DA:37,0
DA:41,0
DA:44,0
DA:45,0
DA:47,0
DA:48,0
DA:54,0
DA:55,0
DA:56,0
DA:57,0
DA:61,0
DA:62,0
DA:65,0
DA:66,0
DA:68,0
DA:69,0
DA:70,0
DA:71,0
DA:72,0
DA:73,0
DA:78,0
DA:79,0
DA:80,0
DA:83,0
DA:84,0
DA:85,0
DA:89,0
DA:91,0
DA:112,0
DA:113,0
DA:115,0
DA:189,0
LF:42
LH:0
BRDA:19,0,0,0
BRDA:20,1,0,0
BRDA:21,2,0,0
BRDA:22,3,0,0
BRDA:23,4,0,0
BRDA:31,5,0,0
BRDA:47,6,0,0
BRDA:47,7,0,0
BRDA:47,7,1,0
BRDA:55,8,0,0
BRDA:61,9,0,0
BRDA:61,10,0,0
BRDA:61,10,1,0
BRDA:68,11,0,0
BRDA:68,11,1,0
BRDA:68,12,0,0
BRDA:68,12,1,0
BRDA:71,13,0,0
BRDA:71,14,0,0
BRDA:71,14,1,0
BRDA:84,15,0,0
BRDA:89,16,0,0
BRF:22
BRH:0
end_of_record
TN:
SF:components/Dashboard.tsx
FN:56,(anonymous_9)
FN:81,(anonymous_10)
FN:127,(anonymous_11)
FN:162,(anonymous_12)
FN:167,(anonymous_13)
FN:188,(anonymous_14)
FN:199,(anonymous_15)
FN:207,(anonymous_16)
FN:211,(anonymous_17)
FN:212,(anonymous_18)
FN:230,(anonymous_19)
FN:234,(anonymous_20)
FN:240,(anonymous_21)
FN:243,(anonymous_22)
FN:260,(anonymous_23)
FN:269,(anonymous_24)
FN:278,(anonymous_25)
FN:287,(anonymous_26)
FN:292,(anonymous_27)
FN:293,(anonymous_28)
FN:320,(anonymous_29)
FN:331,(anonymous_30)
FN:427,(anonymous_31)
FN:438,(anonymous_32)
FN:448,(anonymous_33)
FN:448,(anonymous_34)
FN:457,(anonymous_35)
FN:495,(anonymous_36)
FN:546,(anonymous_37)
FN:546,(anonymous_38)
FN:558,(anonymous_39)
FN:558,(anonymous_40)
FN:575,(anonymous_41)
FN:577,(anonymous_42)
FN:582,(anonymous_43)
FN:594,(anonymous_44)
FN:596,(anonymous_45)
FN:603,(anonymous_46)
FN:607,(anonymous_47)
FN:615,(anonymous_48)
FN:617,(anonymous_49)
FN:625,(anonymous_50)
FN:635,(anonymous_51)
FN:643,(anonymous_52)
FN:664,(anonymous_53)
FN:667,(anonymous_54)
FN:668,(anonymous_55)
FN:687,(anonymous_56)
FN:720,(anonymous_57)
FN:727,(anonymous_58)
FN:731,(anonymous_59)
FN:737,(anonymous_60)
FN:743,(anonymous_61)
FN:753,(anonymous_62)
FN:755,(anonymous_63)
FN:759,(anonymous_64)
FN:761,(anonymous_65)
FN:777,(anonymous_66)
FN:812,(anonymous_67)
FN:822,(anonymous_68)
FN:823,(anonymous_69)
FN:826,(anonymous_70)
FN:839,(anonymous_71)
FN:874,(anonymous_72)
FN:875,(anonymous_73)
FN:879,(anonymous_74)
FN:886,(anonymous_75)
FN:895,(anonymous_76)
FN:903,(anonymous_77)
FN:921,(anonymous_78)
FN:935,(anonymous_79)
FN:949,(anonymous_80)
FN:964,(anonymous_81)
FN:982,(anonymous_82)
FN:1001,(anonymous_83)
FN:1002,(anonymous_84)
FN:1029,(anonymous_85)
FN:1035,(anonymous_86)
FN:1043,(anonymous_87)
FN:1050,(anonymous_88)
FN:1081,(anonymous_89)
FN:1090,(anonymous_90)
FN:1099,(anonymous_91)
FN:1109,(anonymous_92)
FN:1114,(anonymous_93)
FN:1118,(anonymous_94)
FN:1129,(anonymous_95)
FN:1137,(anonymous_96)
FN:1153,(anonymous_97)
FN:1204,(anonymous_98)
FN:1214,(anonymous_99)
FN:1215,(anonymous_100)
FN:1249,(anonymous_101)
FN:1261,(anonymous_102)
FN:1291,(anonymous_103)
FNF:95
FNH:0
FNDA:0,(anonymous_9)
FNDA:0,(anonymous_10)
FNDA:0,(anonymous_11)
FNDA:0,(anonymous_12)
FNDA:0,(anonymous_13)
FNDA:0,(anonymous_14)
FNDA:0,(anonymous_15)
FNDA:0,(anonymous_16)
FNDA:0,(anonymous_17)
FNDA:0,(anonymous_18)
FNDA:0,(anonymous_19)
FNDA:0,(anonymous_20)
FNDA:0,(anonymous_21)
FNDA:0,(anonymous_22)
FNDA:0,(anonymous_23)
FNDA:0,(anonymous_24)
FNDA:0,(anonymous_25)
FNDA:0,(anonymous_26)
FNDA:0,(anonymous_27)
FNDA:0,(anonymous_28)
FNDA:0,(anonymous_29)
FNDA:0,(anonymous_30)
FNDA:0,(anonymous_31)
FNDA:0,(anonymous_32)
FNDA:0,(anonymous_33)
FNDA:0,(anonymous_34)
FNDA:0,(anonymous_35)
FNDA:0,(anonymous_36)
FNDA:0,(anonymous_37)
FNDA:0,(anonymous_38)
FNDA:0,(anonymous_39)
FNDA:0,(anonymous_40)
FNDA:0,(anonymous_41)
FNDA:0,(anonymous_42)
FNDA:0,(anonymous_43)
FNDA:0,(anonymous_44)
FNDA:0,(anonymous_45)
FNDA:0,(anonymous_46)
FNDA:0,(anonymous_47)
FNDA:0,(anonymous_48)
FNDA:0,(anonymous_49)
FNDA:0,(anonymous_50)
FNDA:0,(anonymous_51)
FNDA:0,(anonymous_52)
FNDA:0,(anonymous_53)
FNDA:0,(anonymous_54)
FNDA:0,(anonymous_55)
FNDA:0,(anonymous_56)
FNDA:0,(anonymous_57)
FNDA:0,(anonymous_58)
FNDA:0,(anonymous_59)
FNDA:0,(anonymous_60)
FNDA:0,(anonymous_61)
FNDA:0,(anonymous_62)
FNDA:0,(anonymous_63)
FNDA:0,(anonymous_64)
FNDA:0,(anonymous_65)
FNDA:0,(anonymous_66)
FNDA:0,(anonymous_67)
FNDA:0,(anonymous_68)
FNDA:0,(anonymous_69)
FNDA:0,(anonymous_70)
FNDA:0,(anonymous_71)
FNDA:0,(anonymous_72)
FNDA:0,(anonymous_73)
FNDA:0,(anonymous_74)
FNDA:0,(anonymous_75)
FNDA:0,(anonymous_76)
FNDA:0,(anonymous_77)
FNDA:0,(anonymous_78)
FNDA:0,(anonymous_79)
FNDA:0,(anonymous_80)
FNDA:0,(anonymous_81)
FNDA:0,(anonymous_82)
FNDA:0,(anonymous_83)
FNDA:0,(anonymous_84)
FNDA:0,(anonymous_85)
FNDA:0,(anonymous_86)
FNDA:0,(anonymous_87)
FNDA:0,(anonymous_88)
FNDA:0,(anonymous_89)
FNDA:0,(anonymous_90)
FNDA:0,(anonymous_91)
FNDA:0,(anonymous_92)
FNDA:0,(anonymous_93)
FNDA:0,(anonymous_94)
FNDA:0,(anonymous_95)
FNDA:0,(anonymous_96)
FNDA:0,(anonymous_97)
FNDA:0,(anonymous_98)
FNDA:0,(anonymous_99)
FNDA:0,(anonymous_100)
FNDA:0,(anonymous_101)
FNDA:0,(anonymous_102)
FNDA:0,(anonymous_103)
DA:2,0
DA:4,0
DA:8,0
DA:27,0
DA:28,0
DA:29,0
DA:30,0
DA:31,0
DA:32,0
DA:34,0
DA:36,0
DA:43,0
DA:53,0
DA:54,0
DA:56,0
DA:57,0
DA:60,0
DA:62,0
DA:63,0
DA:64,0
DA:65,0
DA:67,0
DA:69,0
DA:70,0
DA:71,0
DA:72,0
DA:73,0
DA:75,0
DA:78,0
DA:81,0
DA:83,0
DA:85,0
DA:86,0
DA:87,0
DA:127,0
DA:128,0
DA:162,0
DA:163,0
DA:164,0
DA:168,0
DA:188,0
DA:189,0
DA:190,0
DA:191,0
DA:192,0
DA:193,0
DA:194,0
DA:195,0
DA:197,0
DA:199,0
DA:200,0
DA:201,0
DA:202,0
DA:203,0
DA:204,0
DA:207,0
DA:208,0
DA:211,0
DA:212,0
DA:213,0
DA:217,0
DA:223,0
DA:230,0
DA:231,0
DA:232,0
DA:234,0
DA:235,0
DA:236,0
DA:240,0
DA:241,0
DA:243,0
DA:244,0
DA:246,0
DA:247,0
DA:249,0
DA:252,0
DA:255,0
DA:258,0
DA:260,0
DA:261,0
DA:264,0
DA:265,0
DA:266,0
DA:267,0
DA:269,0
DA:270,0
DA:278,0
DA:279,0
DA:287,0
DA:288,0
DA:290,0
DA:291,0
DA:292,0
DA:293,0
DA:301,0
DA:302,0
DA:310,0
DA:311,0
DA:312,0
DA:314,0
DA:316,0
DA:320,0
DA:321,0
DA:323,0
DA:325,0
DA:326,0
DA:327,0
DA:329,0
DA:330,0
DA:331,0
DA:342,0
DA:388,0
DA:390,0
DA:392,0
DA:396,0
DA:398,0
DA:427,0
DA:438,0
DA:448,0
DA:457,0
DA:496,0
DA:546,0
DA:558,0
DA:575,0
DA:576,0
DA:577,0
DA:578,0
DA:579,0
DA:580,0
DA:582,0
DA:583,0
DA:584,0
DA:585,0
DA:587,0
DA:589,0
DA:594,0
DA:595,0
DA:596,0
DA:597,0
DA:598,0
DA:599,0
DA:602,0
DA:603,0
DA:607,0
DA:608,0
DA:609,0
DA:615,0
DA:617,0
DA:618,0
DA:619,0
DA:623,0
DA:626,0
DA:627,0
DA:631,0
DA:632,0
DA:633,0
DA:635,0
DA:636,0
DA:637,0
DA:638,0
DA:639,0
DA:640,0
DA:641,0
DA:643,0
DA:646,0
DA:647,0
DA:657,0
DA:664,0
DA:665,0
DA:666,0
DA:667,0
DA:668,0
DA:669,0
DA:670,0
DA:671,0
DA:672,0
DA:673,0
DA:674,0
DA:677,0
DA:681,0
DA:684,0
DA:687,0
DA:688,0
DA:689,0
DA:690,0
DA:691,0
DA:692,0
DA:693,0
DA:694,0
DA:695,0
DA:697,0
DA:698,0
DA:709,0
DA:710,0
DA:711,0
DA:712,0
DA:713,0
DA:714,0
DA:719,0
DA:721,0
DA:722,0
DA:723,0
DA:724,0
DA:725,0
DA:727,0
DA:730,0
DA:731,0
DA:732,0
DA:733,0
DA:734,0
DA:737,0
DA:738,0
DA:739,0
DA:740,0
DA:743,0
DA:746,0
DA:752,0
DA:753,0
DA:755,0
DA:758,0
DA:759,0
DA:760,0
DA:761,0
DA:762,0
DA:763,0
DA:764,0
DA:765,0
DA:767,0
DA:774,0
DA:775,0
DA:777,0
DA:778,0
DA:779,0
DA:780,0
DA:781,0
DA:783,0
DA:790,0
DA:791,0
DA:794,0
DA:801,0
DA:805,0
DA:810,0
DA:811,0
DA:812,0
DA:813,0
DA:814,0
DA:815,0
DA:816,0
DA:818,0
DA:821,0
DA:822,0
DA:823,0
DA:826,0
DA:827,0
DA:828,0
DA:829,0
DA:830,0
DA:831,0
DA:839,0
DA:841,0
DA:871,0
DA:874,0
DA:875,0
DA:876,0
DA:877,0
DA:878,0
DA:880,0
DA:881,0
DA:882,0
DA:885,0
DA:886,0
DA:889,0
DA:895,0
DA:896,0
DA:898,0
DA:900,0
DA:904,0
DA:905,0
DA:918,0
DA:921,0
DA:932,0
DA:935,0
DA:946,0
DA:949,0
DA:961,0
DA:965,0
DA:966,0
DA:979,0
DA:982,0
DA:996,0
DA:1001,0
DA:1002,0
DA:1008,0
DA:1030,0
DA:1031,0
DA:1036,0
DA:1044,0
DA:1045,0
DA:1051,0
DA:1081,0
DA:1090,0
DA:1099,0
DA:1109,0
DA:1114,0
DA:1118,0
DA:1129,0
DA:1137,0
DA:1154,0
DA:1205,0
DA:1215,0
DA:1216,0
DA:1217,0
DA:1250,0
DA:1251,0
DA:1252,0
DA:1257,0
DA:1261,0
DA:1292,0
DA:1293,0
DA:1294,0
DA:1295,0
DA:1299,0
DA:1300,0
DA:1301,0
DA:1302,0
DA:1304,0
DA:1310,0
DA:1316,0
DA:1317,0
DA:1319,0
DA:1321,0
DA:1399,0
LF:332
LH:0
BRDA:57,0,0,0
BRDA:57,0,1,0
BRDA:60,1,0,0
BRDA:62,2,0,0
BRDA:63,3,0,0
BRDA:63,3,1,0
BRDA:64,4,0,0
BRDA:64,4,1,0
BRDA:67,5,0,0
BRDA:69,6,0,0
BRDA:69,6,1,0
BRDA:70,7,0,0
BRDA:70,7,1,0
BRDA:71,8,0,0
BRDA:71,8,1,0
BRDA:72,9,0,0
BRDA:72,9,1,0
BRDA:75,10,0,0
BRDA:83,11,0,0
BRDA:85,12,0,0
BRDA:85,12,1,0
BRDA:86,13,0,0
BRDA:86,13,1,0
BRDA:127,14,0,0
BRDA:131,15,0,0
BRDA:131,15,1,0
BRDA:131,16,0,0
BRDA:131,16,1,0
BRDA:134,17,0,0
BRDA:134,17,1,0
BRDA:137,18,0,0
BRDA:137,18,1,0
BRDA:138,19,0,0
BRDA:138,19,1,0
BRDA:139,20,0,0
BRDA:139,20,1,0
BRDA:148,21,0,0
BRDA:148,21,1,0
BRDA:150,22,0,0
BRDA:150,22,1,0
BRDA:163,23,0,0
BRDA:163,24,0,0
BRDA:163,24,1,0
BRDA:197,25,0,0
BRDA:197,25,1,0
BRDA:200,26,0,0
BRDA:213,27,0,0
BRDA:213,27,1,0
BRDA:217,28,0,0
BRDA:217,28,1,0
BRDA:219,29,0,0
BRDA:219,29,1,0
BRDA:232,30,0,0
BRDA:235,31,0,0
BRDA:235,31,1,0
BRDA:235,32,0,0
BRDA:235,32,1,0
BRDA:246,33,0,0
BRDA:246,33,1,0
BRDA:252,34,0,0
BRDA:252,34,1,0
BRDA:261,35,0,0
BRDA:266,36,0,0
BRDA:266,36,1,0
BRDA:270,37,0,0
BRDA:270,37,1,0
BRDA:288,38,0,0
BRDA:288,39,0,0
BRDA:288,39,1,0
BRDA:296,40,0,0
BRDA:296,40,1,0
BRDA:298,41,0,0
BRDA:298,41,1,0
BRDA:312,42,0,0
BRDA:312,42,1,0
BRDA:321,43,0,0
BRDA:321,44,0,0
BRDA:321,44,1,0
BRDA:327,45,0,0
BRDA:335,46,0,0
BRDA:335,46,1,0
BRDA:337,47,0,0
BRDA:337,47,1,0
BRDA:396,48,0,0
BRDA:448,49,0,0
BRDA:448,49,1,0
BRDA:452,50,0,0
BRDA:452,50,1,0
BRDA:469,51,0,0
BRDA:469,51,1,0
BRDA:474,52,0,0
BRDA:474,52,1,0
BRDA:480,53,0,0
BRDA:480,53,1,0
BRDA:485,54,0,0
BRDA:485,54,1,0
BRDA:493,55,0,0
BRDA:493,55,1,0
BRDA:508,56,0,0
BRDA:508,56,1,0
BRDA:516,57,0,0
BRDA:516,57,1,0
BRDA:519,58,0,0
BRDA:519,58,1,0
BRDA:531,59,0,0
BRDA:531,59,1,0
BRDA:540,60,0,0
BRDA:540,60,1,0
BRDA:597,61,0,0
BRDA:599,62,0,0
BRDA:608,63,0,0
BRDA:618,64,0,0
BRDA:623,65,0,0
BRDA:623,65,1,0
BRDA:636,66,0,0
BRDA:636,67,0,0
BRDA:636,67,1,0
BRDA:670,68,0,0
BRDA:671,69,0,0
BRDA:671,69,1,0
BRDA:672,70,0,0
BRDA:673,71,0,0
BRDA:674,72,0,0
BRDA:689,73,0,0
BRDA:689,73,1,0
BRDA:690,74,0,0
BRDA:690,74,1,0
BRDA:691,75,0,0
BRDA:691,75,1,0
BRDA:694,76,0,0
BRDA:694,76,1,0
BRDA:697,77,0,0
BRDA:709,78,0,0
BRDA:709,78,1,0
BRDA:710,79,0,0
BRDA:713,80,0,0
BRDA:723,81,0,0
BRDA:723,81,1,0
BRDA:724,82,0,0
BRDA:724,82,1,0
BRDA:733,83,0,0
BRDA:739,84,0,0
BRDA:760,85,0,0
BRDA:762,86,0,0
BRDA:763,87,0,0
BRDA:763,88,0,0
BRDA:763,88,1,0
BRDA:774,89,0,0
BRDA:774,89,1,0
BRDA:775,90,0,0
BRDA:775,90,1,0
BRDA:778,91,0,0
BRDA:779,92,0,0
BRDA:779,93,0,0
BRDA:779,93,1,0
BRDA:781,94,0,0
BRDA:781,94,1,0
BRDA:791,95,0,0
BRDA:791,95,1,0
BRDA:794,96,0,0
BRDA:794,96,1,0
BRDA:797,97,0,0
BRDA:797,97,1,0
BRDA:801,98,0,0
BRDA:801,98,1,0
BRDA:805,99,0,0
BRDA:805,99,1,0
BRDA:816,100,0,0
BRDA:816,100,1,0
BRDA:818,101,0,0
BRDA:818,101,1,0
BRDA:830,102,0,0
BRDA:830,102,1,0
BRDA:851,103,0,0
BRDA:851,103,1,0
BRDA:876,104,0,0
BRDA:877,105,0,0
BRDA:880,106,0,0
BRDA:881,107,0,0
BRDA:885,108,0,0
BRDA:885,108,1,0
BRDA:886,109,0,0
BRDA:886,109,1,0
BRDA:886,110,0,0
BRDA:886,110,1,0
BRDA:896,111,0,0
BRDA:898,112,0,0
BRDA:898,112,1,0
BRDA:898,112,2,0
BRDA:898,112,3,0
BRDA:898,112,4,0
BRDA:898,112,5,0
BRDA:898,112,6,0
BRDA:908,113,0,0
BRDA:908,113,1,0
BRDA:911,114,0,0
BRDA:911,114,1,0
BRDA:924,115,0,0
BRDA:924,115,1,0
BRDA:941,116,0,0
BRDA:941,116,1,0
BRDA:955,117,0,0
BRDA:955,117,1,0
BRDA:955,118,0,0
BRDA:955,118,1,0
BRDA:969,119,0,0
BRDA:969,119,1,0
BRDA:973,120,0,0
BRDA:973,120,1,0
BRDA:988,121,0,0
BRDA:988,121,1,0
BRDA:991,122,0,0
BRDA:991,122,1,0
BRDA:1002,123,0,0
BRDA:1002,123,1,0
BRDA:1044,124,0,0
BRDA:1044,124,1,0
BRDA:1061,125,0,0
BRDA:1061,125,1,0
BRDA:1073,126,0,0
BRDA:1073,126,1,0
BRDA:1080,127,0,0
BRDA:1080,127,1,0
BRDA:1125,128,0,0
BRDA:1125,128,1,0
BRDA:1126,129,0,0
BRDA:1126,129,1,0
BRDA:1127,130,0,0
BRDA:1127,130,1,0
BRDA:1134,131,0,0
BRDA:1134,131,1,0
BRDA:1216,132,0,0
BRDA:1216,132,1,0
BRDA:1253,133,0,0
BRDA:1253,133,1,0
BRDA:1254,134,0,0
BRDA:1254,134,1,0
BRDA:1255,135,0,0
BRDA:1255,135,1,0
BRDA:1262,136,0,0
BRDA:1262,136,1,0
BRDA:1272,137,0,0
BRDA:1272,137,1,0
BRDA:1286,138,0,0
BRDA:1286,138,1,0
BRDA:1292,139,0,0
BRDA:1292,139,1,0
BRDA:1292,140,0,0
BRDA:1292,140,1,0
BRDA:1293,141,0,0
BRDA:1293,141,1,0
BRDA:1294,142,0,0
BRDA:1294,142,1,0
BRDA:1294,143,0,0
BRDA:1294,143,1,0
BRDA:1295,144,0,0
BRDA:1295,144,1,0
BRDA:1301,145,0,0
BRDA:1301,145,1,0
BRDA:1302,146,0,0
BRDA:1302,146,1,0
BRDA:1304,147,0,0
BRDA:1304,147,1,0
BRDA:1306,148,0,0
BRDA:1306,148,1,0
BRDA:1310,149,0,0
BRDA:1310,149,1,0
BRDA:1312,150,0,0
BRDA:1312,150,1,0
BRDA:1316,151,0,0
BRDA:1316,151,1,0
BRDA:1317,152,0,0
BRDA:1317,152,1,0
BRDA:1323,153,0,0
BRDA:1323,153,1,0
BRDA:1340,154,0,0
BRDA:1340,154,1,0
BRDA:1353,155,0,0
BRDA:1353,155,1,0
BRDA:1359,156,0,0
BRDA:1359,156,1,0
BRDA:1359,157,0,0
BRDA:1359,157,1,0
BRF:283
BRH:0
end_of_record
TN:
SF:components/DataAuditorView.tsx
FN:18,(anonymous_9)
FN:23,(anonymous_10)
FN:25,(anonymous_11)
FN:26,(anonymous_12)
FN:38,(anonymous_13)
FN:41,(anonymous_14)
FN:42,(anonymous_15)
FN:43,(anonymous_16)
FN:44,(anonymous_17)
FN:48,(anonymous_18)
FN:50,(anonymous_19)
FN:62,(anonymous_20)
FN:62,(anonymous_21)
FN:116,(anonymous_22)
FN:122,(anonymous_23)
FN:131,(anonymous_24)
FN:154,(anonymous_25)
FN:215,(anonymous_26)
FNF:18
FNH:0
FNDA:0,(anonymous_9)
FNDA:0,(anonymous_10)
FNDA:0,(anonymous_11)
FNDA:0,(anonymous_12)
FNDA:0,(anonymous_13)
FNDA:0,(anonymous_14)
FNDA:0,(anonymous_15)
FNDA:0,(anonymous_16)
FNDA:0,(anonymous_17)
FNDA:0,(anonymous_18)
FNDA:0,(anonymous_19)
FNDA:0,(anonymous_20)
FNDA:0,(anonymous_21)
FNDA:0,(anonymous_22)
FNDA:0,(anonymous_23)
FNDA:0,(anonymous_24)
FNDA:0,(anonymous_25)
FNDA:0,(anonymous_26)
DA:2,0
DA:4,0
DA:5,0
DA:10,0
DA:18,0
DA:19,0
DA:20,0
DA:21,0
DA:23,0
DA:25,0
DA:26,0
DA:27,0
DA:28,0
DA:29,0
DA:34,0
DA:38,0
DA:39,0
DA:41,0
DA:42,0
DA:43,0
DA:44,0
DA:48,0
DA:49,0
DA:50,0
DA:60,0
DA:62,0
DA:64,0
DA:65,0
DA:66,0
DA:67,0
DA:68,0
DA:69,0
DA:70,0
DA:73,0
DA:74,0
DA:82,0
DA:116,0
DA:122,0
DA:131,0
DA:155,0
DA:215,0
DA:252,0
LF:42
LH:0
BRDA:18,0,0,0
BRDA:27,1,0,0
BRDA:27,1,1,0
BRDA:28,2,0,0
BRDA:28,2,1,0
BRDA:29,3,0,0
BRDA:29,3,1,0
BRDA:29,3,2,0
BRDA:29,3,3,0
BRDA:34,4,0,0
BRDA:34,4,1,0
BRDA:34,4,2,0
BRDA:55,5,0,0
BRDA:55,5,1,0
BRDA:57,6,0,0
BRDA:57,6,1,0
BRDA:73,7,0,0
BRDA:153,8,0,0
BRDA:153,8,1,0
BRDA:157,9,0,0
BRDA:157,9,1,0
BRDA:163,10,0,0
BRDA:163,10,1,0
BRDA:164,11,0,0
BRDA:164,11,1,0
BRDA:165,12,0,0
BRDA:165,12,1,0
BRDA:166,13,0,0
BRDA:166,13,1,0
BRDA:169,14,0,0
BRDA:169,14,1,0
BRDA:170,15,0,0
BRDA:170,15,1,0
BRDA:175,16,0,0
BRDA:175,16,1,0
BRDA:176,17,0,0
BRDA:176,17,1,0
BRDA:179,18,0,0
BRDA:179,18,1,0
BRDA:180,19,0,0
BRDA:180,19,1,0
BRDA:183,20,0,0
BRDA:183,20,1,0
BRDA:184,21,0,0
BRDA:184,21,1,0
BRDA:191,22,0,0
BRDA:191,22,1,0
BRDA:204,23,0,0
BRDA:204,23,1,0
BRDA:213,24,0,0
BRDA:213,24,1,0
BRF:51
BRH:0
end_of_record
TN:
SF:components/DecreeBookModal.tsx
FN:20,(anonymous_9)
FN:35,(anonymous_10)
FN:37,(anonymous_11)
FN:43,(anonymous_12)
FN:46,(anonymous_13)
FN:47,(anonymous_14)
FN:64,(anonymous_15)
FN:82,(anonymous_16)
FN:84,(anonymous_17)
FN:85,(anonymous_18)
FN:89,(anonymous_19)
FN:142,(anonymous_20)
FN:165,(anonymous_21)
FN:178,(anonymous_22)
FN:220,(anonymous_23)
FN:223,(anonymous_24)
FN:228,(anonymous_25)
FN:231,(anonymous_26)
FN:237,(anonymous_27)
FN:240,(anonymous_28)
FN:256,(anonymous_29)
FN:326,(anonymous_30)
FN:339,(anonymous_31)
FN:340,(anonymous_32)
FN:346,(anonymous_33)
FN:347,(anonymous_34)
FN:353,(anonymous_35)
FN:354,(anonymous_36)
FN:365,(anonymous_37)
FN:423,(anonymous_38)
FNF:30
FNH:0
FNDA:0,(anonymous_9)
FNDA:0,(anonymous_10)
FNDA:0,(anonymous_11)
FNDA:0,(anonymous_12)
FNDA:0,(anonymous_13)
FNDA:0,(anonymous_14)
FNDA:0,(anonymous_15)
FNDA:0,(anonymous_16)
FNDA:0,(anonymous_17)
FNDA:0,(anonymous_18)
FNDA:0,(anonymous_19)
FNDA:0,(anonymous_20)
FNDA:0,(anonymous_21)
FNDA:0,(anonymous_22)
FNDA:0,(anonymous_23)
FNDA:0,(anonymous_24)
FNDA:0,(anonymous_25)
FNDA:0,(anonymous_26)
FNDA:0,(anonymous_27)
FNDA:0,(anonymous_28)
FNDA:0,(anonymous_29)
FNDA:0,(anonymous_30)
FNDA:0,(anonymous_31)
FNDA:0,(anonymous_32)
FNDA:0,(anonymous_33)
FNDA:0,(anonymous_34)
FNDA:0,(anonymous_35)
FNDA:0,(anonymous_36)
FNDA:0,(anonymous_37)
FNDA:0,(anonymous_38)
DA:1,0
DA:2,0
DA:4,0
DA:10,0
DA:11,0
DA:12,0
DA:20,0
DA:21,0
DA:22,0
DA:23,0
DA:25,0
DA:26,0
DA:27,0
DA:28,0
DA:29,0
DA:30,0
DA:32,0
DA:33,0
DA:35,0
DA:36,0
DA:37,0
DA:38,0
DA:39,0
DA:40,0
DA:43,0
DA:46,0
DA:47,0
DA:48,0
DA:49,0
DA:50,0
DA:51,0
DA:53,0
DA:55,0
DA:56,0
DA:57,0
DA:58,0
DA:61,0
DA:64,0
DA:65,0
DA:66,0
DA:67,0
DA:68,0
DA:69,0
DA:70,0
DA:71,0
DA:72,0
DA:73,0
DA:76,0
DA:79,0
DA:82,0
DA:83,0
DA:84,0
DA:85,0
DA:86,0
DA:89,0
DA:90,0
DA:91,0
DA:92,0
DA:93,0
DA:143,0
DA:146,0
DA:163,0
DA:164,0
DA:165,0
DA:168,0
DA:170,0
DA:178,0
DA:220,0
DA:223,0
DA:228,0
DA:231,0
DA:238,0
DA:240,0
DA:256,0
DA:327,0
DA:328,0
DA:340,0
DA:341,0
DA:347,0
DA:348,0
DA:354,0
DA:355,0
DA:366,0
DA:370,0
DA:424,0
DA:451,0
LF:86
LH:0
BRDA:38,0,0,0
BRDA:40,1,0,0
BRDA:48,2,0,0
BRDA:50,3,0,0
BRDA:50,3,1,0
BRDA:51,4,0,0
BRDA:51,4,1,0
BRDA:53,5,0,0
BRDA:53,6,0,0
BRDA:53,6,1,0
BRDA:55,7,0,0
BRDA:66,8,0,0
BRDA:66,8,1,0
BRDA:67,9,0,0
BRDA:67,9,1,0
BRDA:68,10,0,0
BRDA:68,10,1,0
BRDA:70,11,0,0
BRDA:70,11,1,0
BRDA:72,12,0,0
BRDA:76,13,0,0
BRDA:76,13,1,0
BRDA:84,14,0,0
BRDA:84,14,1,0
BRDA:91,15,0,0
BRDA:143,16,0,0
BRDA:143,16,1,0
BRDA:148,17,0,0
BRDA:148,17,1,0
BRDA:168,18,0,0
BRDA:241,19,0,0
BRDA:241,19,1,0
BRDA:246,20,0,0
BRDA:246,20,1,0
BRDA:246,21,0,0
BRDA:246,21,1,0
BRDA:307,22,0,0
BRDA:307,22,1,0
BRDA:316,23,0,0
BRDA:316,23,1,0
BRDA:340,24,0,0
BRDA:340,24,1,0
BRDA:340,25,0,0
BRDA:340,25,1,0
BRDA:343,26,0,0
BRDA:343,26,1,0
BRDA:347,27,0,0
BRDA:347,27,1,0
BRDA:347,28,0,0
BRDA:347,28,1,0
BRDA:350,29,0,0
BRDA:350,29,1,0
BRDA:354,30,0,0
BRDA:354,30,1,0
BRDA:354,31,0,0
BRDA:354,31,1,0
BRDA:357,32,0,0
BRDA:357,32,1,0
BRDA:366,33,0,0
BRDA:366,33,1,0
BRDA:381,34,0,0
BRDA:381,34,1,0
BRDA:392,35,0,0
BRDA:392,35,1,0
BRDA:429,36,0,0
BRDA:429,36,1,0
BRF:66
BRH:0
end_of_record
TN:
SF:components/DecreePreviewModal.tsx
FN:15,(anonymous_1)
FN:40,(anonymous_2)
FNF:2
FNH:0
FNDA:0,(anonymous_1)
FNDA:0,(anonymous_2)
DA:1,0
DA:3,0
DA:4,0
DA:5,0
DA:6,0
DA:15,0
DA:16,0
DA:18,0
DA:20,0
DA:21,0
DA:22,0
DA:23,0
DA:24,0
DA:25,0
DA:26,0
DA:27,0
DA:31,0
DA:34,0
DA:35,0
DA:37,0
DA:40,0
DA:280,0
LF:22
LH:0
BRDA:18,0,0,0
BRDA:18,1,0,0
BRDA:18,1,1,0
BRDA:21,2,0,0
BRDA:21,2,1,0
BRDA:22,3,0,0
BRDA:22,3,1,0
BRDA:22,3,2,0
BRDA:23,4,0,0
BRDA:23,4,1,0
BRDA:24,5,0,0
BRDA:24,5,1,0
BRDA:25,6,0,0
BRDA:25,6,1,0
BRDA:26,7,0,0
BRDA:26,7,1,0
BRDA:31,8,0,0
BRDA:31,8,1,0
BRDA:32,9,0,0
BRDA:32,9,1,0
BRDA:93,10,0,0
BRDA:93,10,1,0
BRDA:97,11,0,0
BRDA:97,11,1,0
BRDA:103,12,0,0
BRDA:103,12,1,0
BRDA:122,13,0,0
BRDA:122,13,1,0
BRDA:130,14,0,0
BRDA:130,14,1,0
BRDA:145,15,0,0
BRDA:145,15,1,0
BRDA:157,16,0,0
BRDA:157,16,1,0
BRDA:158,17,0,0
BRDA:158,17,1,0
BRDA:158,18,0,0
BRDA:158,18,1,0
BRDA:163,19,0,0
BRDA:163,19,1,0
BRDA:163,19,2,0
BRDA:171,20,0,0
BRDA:171,20,1,0
BRDA:180,21,0,0
BRDA:180,21,1,0
BRDA:195,22,0,0
BRDA:195,22,1,0
BRDA:195,23,0,0
BRDA:195,23,1,0
BRDA:202,24,0,0
BRDA:202,24,1,0
BRDA:216,25,0,0
BRDA:216,25,1,0
BRDA:216,26,0,0
BRDA:216,26,1,0
BRDA:236,27,0,0
BRDA:236,27,1,0
BRDA:237,28,0,0
BRDA:237,28,1,0
BRF:59
BRH:0
end_of_record
TN:
SF:components/EmployeeListModal.tsx
FN:59,(anonymous_10)
FN:91,(anonymous_11)
FN:94,(anonymous_12)
FN:96,(anonymous_13)
FN:102,(anonymous_14)
FN:103,(anonymous_15)
FN:106,(anonymous_16)
FN:107,(anonymous_17)
FN:109,(anonymous_18)
FN:113,(anonymous_19)
FN:114,(anonymous_20)
FN:120,(anonymous_21)
FN:121,(anonymous_22)
FN:140,(anonymous_23)
FN:142,(anonymous_24)
FN:142,(anonymous_25)
FN:143,(anonymous_26)
FN:143,(anonymous_27)
FN:145,(anonymous_28)
FN:151,(anonymous_29)
FN:162,(anonymous_30)
FN:193,(anonymous_31)
FN:217,(anonymous_32)
FN:223,(anonymous_33)
FN:237,(anonymous_34)
FN:246,(anonymous_35)
FN:252,(anonymous_36)
FN:258,(anonymous_37)
FN:298,(anonymous_38)
FN:314,(anonymous_39)
FN:320,(anonymous_40)
FN:325,(anonymous_41)
FN:327,(anonymous_42)
FN:353,(anonymous_43)
FN:358,(anonymous_44)
FN:362,(anonymous_45)
FN:382,(anonymous_46)
FN:388,(anonymous_47)
FN:393,(anonymous_48)
FN:396,(anonymous_49)
FN:501,(anonymous_50)
FN:503,(anonymous_51)
FN:511,(anonymous_52)
FN:521,(anonymous_53)
FN:547,(anonymous_54)
FN:594,(anonymous_55)
FN:621,(anonymous_56)
FN:636,(anonymous_57)
FN:639,(anonymous_58)
FN:654,(anonymous_59)
FN:666,(anonymous_60)
FN:697,(anonymous_61)
FN:715,(anonymous_62)
FN:721,(anonymous_63)
FN:727,(anonymous_64)
FN:737,(anonymous_65)
FN:749,(anonymous_66)
FN:765,(anonymous_67)
FN:877,(anonymous_68)
FN:933,(anonymous_69)
FN:971,(anonymous_70)
FN:972,(anonymous_71)
FN:978,(anonymous_72)
FN:979,(anonymous_73)
FN:984,(anonymous_74)
FN:990,(anonymous_75)
FN:1004,(anonymous_76)
FN:1012,(anonymous_77)
FN:1020,(anonymous_78)
FN:1029,(anonymous_79)
FN:1045,(anonymous_80)
FN:1051,(anonymous_81)
FN:1088,(anonymous_82)
FN:1088,(anonymous_83)
FN:1098,(anonymous_84)
FN:1098,(anonymous_85)
FN:1118,(anonymous_86)
FN:1121,(anonymous_87)
FN:1142,(anonymous_88)
FN:1159,(anonymous_89)
FN:1174,(anonymous_90)
FNF:81
FNH:0
FNDA:0,(anonymous_10)
FNDA:0,(anonymous_11)
FNDA:0,(anonymous_12)
FNDA:0,(anonymous_13)
FNDA:0,(anonymous_14)
FNDA:0,(anonymous_15)
FNDA:0,(anonymous_16)
FNDA:0,(anonymous_17)
FNDA:0,(anonymous_18)
FNDA:0,(anonymous_19)
FNDA:0,(anonymous_20)
FNDA:0,(anonymous_21)
FNDA:0,(anonymous_22)
FNDA:0,(anonymous_23)
FNDA:0,(anonymous_24)
FNDA:0,(anonymous_25)
FNDA:0,(anonymous_26)
FNDA:0,(anonymous_27)
FNDA:0,(anonymous_28)
FNDA:0,(anonymous_29)
FNDA:0,(anonymous_30)
FNDA:0,(anonymous_31)
FNDA:0,(anonymous_32)
FNDA:0,(anonymous_33)
FNDA:0,(anonymous_34)
FNDA:0,(anonymous_35)
FNDA:0,(anonymous_36)
FNDA:0,(anonymous_37)
FNDA:0,(anonymous_38)
FNDA:0,(anonymous_39)
FNDA:0,(anonymous_40)
FNDA:0,(anonymous_41)
FNDA:0,(anonymous_42)
FNDA:0,(anonymous_43)
FNDA:0,(anonymous_44)
FNDA:0,(anonymous_45)
FNDA:0,(anonymous_46)
FNDA:0,(anonymous_47)
FNDA:0,(anonymous_48)
FNDA:0,(anonymous_49)
FNDA:0,(anonymous_50)
FNDA:0,(anonymous_51)
FNDA:0,(anonymous_52)
FNDA:0,(anonymous_53)
FNDA:0,(anonymous_54)
FNDA:0,(anonymous_55)
FNDA:0,(anonymous_56)
FNDA:0,(anonymous_57)
FNDA:0,(anonymous_58)
FNDA:0,(anonymous_59)
FNDA:0,(anonymous_60)
FNDA:0,(anonymous_61)
FNDA:0,(anonymous_62)
FNDA:0,(anonymous_63)
FNDA:0,(anonymous_64)
FNDA:0,(anonymous_65)
FNDA:0,(anonymous_66)
FNDA:0,(anonymous_67)
FNDA:0,(anonymous_68)
FNDA:0,(anonymous_69)
FNDA:0,(anonymous_70)
FNDA:0,(anonymous_71)
FNDA:0,(anonymous_72)
FNDA:0,(anonymous_73)
FNDA:0,(anonymous_74)
FNDA:0,(anonymous_75)
FNDA:0,(anonymous_76)
FNDA:0,(anonymous_77)
FNDA:0,(anonymous_78)
FNDA:0,(anonymous_79)
FNDA:0,(anonymous_80)
FNDA:0,(anonymous_81)
FNDA:0,(anonymous_82)
FNDA:0,(anonymous_83)
FNDA:0,(anonymous_84)
FNDA:0,(anonymous_85)
FNDA:0,(anonymous_86)
FNDA:0,(anonymous_87)
FNDA:0,(anonymous_88)
FNDA:0,(anonymous_89)
FNDA:0,(anonymous_90)
DA:2,0
DA:4,0
DA:10,0
DA:11,0
DA:12,0
DA:13,0
DA:14,0
DA:23,0
DA:24,0
DA:25,0
DA:27,0
DA:57,0
DA:59,0
DA:70,0
DA:71,0
DA:72,0
DA:73,0
DA:74,0
DA:75,0
DA:76,0
DA:77,0
DA:78,0
DA:80,0
DA:81,0
DA:83,0
DA:85,0
DA:86,0
DA:87,0
DA:88,0
DA:91,0
DA:92,0
DA:94,0
DA:95,0
DA:96,0
DA:97,0
DA:101,0
DA:102,0
DA:103,0
DA:105,0
DA:106,0
DA:107,0
DA:109,0
DA:112,0
DA:113,0
DA:114,0
DA:115,0
DA:116,0
DA:119,0
DA:120,0
DA:121,0
DA:122,0
DA:124,0
DA:136,0
DA:140,0
DA:141,0
DA:142,0
DA:143,0
DA:144,0
DA:145,0
DA:147,0
DA:151,0
DA:152,0
DA:153,0
DA:154,0
DA:155,0
DA:156,0
DA:157,0
DA:158,0
DA:159,0
DA:161,0
DA:163,0
DA:164,0
DA:165,0
DA:167,0
DA:169,0
DA:170,0
DA:173,0
DA:174,0
DA:175,0
DA:178,0
DA:179,0
DA:181,0
DA:182,0
DA:183,0
DA:184,0
DA:185,0
DA:186,0
DA:187,0
DA:191,0
DA:194,0
DA:195,0
DA:200,0
DA:201,0
DA:202,0
DA:203,0
DA:204,0
DA:205,0
DA:206,0
DA:209,0
DA:210,0
DA:211,0
DA:216,0
DA:217,0
DA:218,0
DA:219,0
DA:223,0
DA:224,0
DA:228,0
DA:235,0
DA:237,0
DA:238,0
DA:239,0
DA:241,0
DA:242,0
DA:246,0
DA:247,0
DA:248,0
DA:249,0
DA:252,0
DA:253,0
DA:254,0
DA:255,0
DA:258,0
DA:263,0
DA:264,0
DA:266,0
DA:267,0
DA:268,0
DA:271,0
DA:272,0
DA:273,0
DA:276,0
DA:277,0
DA:278,0
DA:279,0
DA:282,0
DA:286,0
DA:287,0
DA:288,0
DA:291,0
DA:298,0
DA:299,0
DA:300,0
DA:302,0
DA:303,0
DA:305,0
DA:310,0
DA:311,0
DA:314,0
DA:315,0
DA:316,0
DA:317,0
DA:320,0
DA:321,0
DA:322,0
DA:325,0
DA:327,0
DA:328,0
DA:329,0
DA:341,0
DA:342,0
DA:343,0
DA:344,0
DA:346,0
DA:348,0
DA:353,0
DA:354,0
DA:355,0
DA:358,0
DA:359,0
DA:361,0
DA:362,0
DA:365,0
DA:369,0
DA:371,0
DA:372,0
DA:378,0
DA:379,0
DA:382,0
DA:383,0
DA:384,0
DA:388,0
DA:389,0
DA:390,0
DA:392,0
DA:393,0
DA:394,0
DA:396,0
DA:397,0
DA:398,0
DA:399,0
DA:400,0
DA:401,0
DA:404,0
DA:405,0
DA:406,0
DA:408,0
DA:409,0
DA:410,0
DA:412,0
DA:413,0
DA:416,0
DA:417,0
DA:419,0
DA:420,0
DA:421,0
DA:423,0
DA:424,0
DA:428,0
DA:430,0
DA:431,0
DA:432,0
DA:435,0
DA:436,0
DA:437,0
DA:439,0
DA:440,0
DA:441,0
DA:444,0
DA:445,0
DA:446,0
DA:451,0
DA:454,0
DA:455,0
DA:456,0
DA:461,0
DA:464,0
DA:465,0
DA:466,0
DA:467,0
DA:473,0
DA:479,0
DA:482,0
DA:483,0
DA:486,0
DA:487,0
DA:488,0
DA:491,0
DA:493,0
DA:494,0
DA:498,0
DA:501,0
DA:502,0
DA:503,0
DA:504,0
DA:505,0
DA:506,0
DA:507,0
DA:511,0
DA:512,0
DA:513,0
DA:514,0
DA:515,0
DA:516,0
DA:517,0
DA:518,0
DA:521,0
DA:522,0
DA:523,0
DA:524,0
DA:525,0
DA:526,0
DA:527,0
DA:528,0
DA:531,0
DA:547,0
DA:594,0
DA:621,0
DA:637,0
DA:639,0
DA:654,0
DA:667,0
DA:668,0
DA:669,0
DA:697,0
DA:715,0
DA:721,0
DA:727,0
DA:737,0
DA:750,0
DA:753,0
DA:754,0
DA:755,0
DA:757,0
DA:765,0
DA:878,0
DA:879,0
DA:880,0
DA:934,0
DA:971,0
DA:972,0
DA:978,0
DA:979,0
DA:984,0
DA:990,0
DA:1004,0
DA:1012,0
DA:1020,0
DA:1029,0
DA:1045,0
DA:1051,0
DA:1088,0
DA:1098,0
DA:1118,0
DA:1121,0
DA:1143,0
DA:1160,0
DA:1174,0
DA:1194,0
LF:309
LH:0
BRDA:97,0,0,0
BRDA:97,0,1,0
BRDA:115,1,0,0
BRDA:115,1,1,0
BRDA:116,2,0,0
BRDA:116,2,1,0
BRDA:122,3,0,0
BRDA:122,3,1,0
BRDA:131,4,0,0
BRDA:131,4,1,0
BRDA:144,5,0,0
BRDA:144,5,1,0
BRDA:164,6,0,0
BRDA:164,6,1,0
BRDA:165,7,0,0
BRDA:165,7,1,0
BRDA:165,7,2,0
BRDA:167,8,0,0
BRDA:170,9,0,0
BRDA:170,10,0,0
BRDA:170,10,1,0
BRDA:173,11,0,0
BRDA:173,12,0,0
BRDA:173,12,1,0
BRDA:174,13,0,0
BRDA:174,14,0,0
BRDA:174,14,1,0
BRDA:174,14,2,0
BRDA:175,15,0,0
BRDA:175,16,0,0
BRDA:175,16,1,0
BRDA:178,17,0,0
BRDA:179,18,0,0
BRDA:179,18,1,0
BRDA:181,19,0,0
BRDA:181,19,1,0
BRDA:182,20,0,0
BRDA:182,21,0,0
BRDA:182,21,1,0
BRDA:182,21,2,0
BRDA:183,22,0,0
BRDA:183,22,1,0
BRDA:184,23,0,0
BRDA:184,24,0,0
BRDA:184,24,1,0
BRDA:185,25,0,0
BRDA:186,26,0,0
BRDA:186,26,1,0
BRDA:187,27,0,0
BRDA:187,28,0,0
BRDA:187,28,1,0
BRDA:194,29,0,0
BRDA:194,29,1,0
BRDA:195,30,0,0
BRDA:195,30,1,0
BRDA:200,31,0,0
BRDA:200,31,1,0
BRDA:200,31,2,0
BRDA:200,31,3,0
BRDA:200,31,4,0
BRDA:200,31,5,0
BRDA:209,32,0,0
BRDA:209,33,0,0
BRDA:209,33,1,0
BRDA:210,34,0,0
BRDA:210,35,0,0
BRDA:210,35,1,0
BRDA:235,36,0,0
BRDA:238,37,0,0
BRDA:238,37,1,0
BRDA:239,38,0,0
BRDA:239,38,1,0
BRDA:247,39,0,0
BRDA:248,40,0,0
BRDA:253,41,0,0
BRDA:254,42,0,0
BRDA:261,43,0,0
BRDA:263,44,0,0
BRDA:263,44,1,0
BRDA:266,45,0,0
BRDA:266,46,0,0
BRDA:266,46,1,0
BRDA:266,47,0,0
BRDA:266,47,1,0
BRDA:271,48,0,0
BRDA:271,49,0,0
BRDA:271,49,1,0
BRDA:277,50,0,0
BRDA:286,51,0,0
BRDA:294,52,0,0
BRDA:294,52,1,0
BRDA:299,53,0,0
BRDA:299,54,0,0
BRDA:299,54,1,0
BRDA:300,55,0,0
BRDA:303,56,0,0
BRDA:315,57,0,0
BRDA:328,58,0,0
BRDA:328,58,1,0
BRDA:336,59,0,0
BRDA:336,59,1,0
BRDA:337,60,0,0
BRDA:337,60,1,0
BRDA:355,61,0,0
BRDA:355,61,1,0
BRDA:359,62,0,0
BRDA:359,63,0,0
BRDA:359,63,1,0
BRDA:369,64,0,0
BRDA:371,65,0,0
BRDA:390,66,0,0
BRDA:410,67,0,0
BRDA:410,68,0,0
BRDA:410,68,1,0
BRDA:416,69,0,0
BRDA:416,70,0,0
BRDA:416,70,1,0
BRDA:417,71,0,0
BRDA:417,71,1,0
BRDA:417,72,0,0
BRDA:417,72,1,0
BRDA:421,73,0,0
BRDA:424,74,0,0
BRDA:424,74,1,0
BRDA:424,74,2,0
BRDA:428,75,0,0
BRDA:428,76,0,0
BRDA:428,76,1,0
BRDA:430,77,0,0
BRDA:439,78,0,0
BRDA:439,79,0,0
BRDA:439,79,1,0
BRDA:445,80,0,0
BRDA:455,81,0,0
BRDA:465,82,0,0
BRDA:466,83,0,0
BRDA:466,83,1,0
BRDA:498,84,0,0
BRDA:502,85,0,0
BRDA:512,86,0,0
BRDA:514,87,0,0
BRDA:516,88,0,0
BRDA:523,89,0,0
BRDA:525,90,0,0
BRDA:581,91,0,0
BRDA:581,91,1,0
BRDA:592,92,0,0
BRDA:592,92,1,0
BRDA:640,93,0,0
BRDA:640,93,1,0
BRDA:641,94,0,0
BRDA:641,94,1,0
BRDA:642,95,0,0
BRDA:642,95,1,0
BRDA:643,96,0,0
BRDA:643,96,1,0
BRDA:708,97,0,0
BRDA:708,97,1,0
BRDA:750,98,0,0
BRDA:750,98,1,0
BRDA:761,99,0,0
BRDA:761,99,1,0
BRDA:765,100,0,0
BRDA:765,100,1,0
BRDA:768,101,0,0
BRDA:768,101,1,0
BRDA:778,102,0,0
BRDA:778,102,1,0
BRDA:781,103,0,0
BRDA:781,103,1,0
BRDA:817,104,0,0
BRDA:817,104,1,0
BRDA:821,105,0,0
BRDA:821,105,1,0
BRDA:841,106,0,0
BRDA:841,106,1,0
BRDA:843,107,0,0
BRDA:843,107,1,0
BRDA:844,108,0,0
BRDA:844,108,1,0
BRDA:858,109,0,0
BRDA:858,109,1,0
BRDA:866,110,0,0
BRDA:866,110,1,0
BRDA:886,111,0,0
BRDA:886,111,1,0
BRDA:907,112,0,0
BRDA:907,112,1,0
BRDA:927,113,0,0
BRDA:927,113,1,0
BRDA:936,114,0,0
BRDA:936,114,1,0
BRDA:955,115,0,0
BRDA:955,115,1,0
BRDA:962,116,0,0
BRDA:962,116,1,0
BRDA:962,116,2,0
BRDA:1002,117,0,0
BRDA:1002,117,1,0
BRDA:1010,118,0,0
BRDA:1010,118,1,0
BRDA:1018,119,0,0
BRDA:1018,119,1,0
BRDA:1018,119,2,0
BRDA:1027,120,0,0
BRDA:1027,120,1,0
BRDA:1038,121,0,0
BRDA:1038,121,1,0
BRDA:1038,121,2,0
BRDA:1065,122,0,0
BRDA:1065,122,1,0
BRDA:1069,123,0,0
BRDA:1069,123,1,0
BRDA:1081,124,0,0
BRDA:1081,124,1,0
BRDA:1085,125,0,0
BRDA:1085,125,1,0
BRDA:1115,126,0,0
BRDA:1115,126,1,0
BRDA:1135,127,0,0
BRDA:1135,127,1,0
BRDA:1148,128,0,0
BRDA:1148,128,1,0
BRDA:1154,129,0,0
BRDA:1154,129,1,0
BRDA:1165,130,0,0
BRDA:1165,130,1,0
BRF:227
BRH:0
end_of_record
TN:
SF:components/EmployeeManagement.tsx
FN:56,(anonymous_10)
FN:83,(anonymous_11)
FN:97,(anonymous_12)
FN:121,(anonymous_13)
FN:130,(anonymous_14)
FN:132,(anonymous_15)
FN:132,(anonymous_16)
FN:133,(anonymous_17)
FN:133,(anonymous_18)
FN:135,(anonymous_19)
FN:139,(anonymous_20)
FN:148,(anonymous_21)
FN:170,(anonymous_22)
FN:190,(anonymous_23)
FN:195,(anonymous_24)
FN:197,(anonymous_25)
FN:203,(anonymous_26)
FN:209,(anonymous_27)
FN:227,(anonymous_28)
FN:237,(anonymous_29)
FN:239,(anonymous_30)
FN:240,(anonymous_31)
FN:262,(anonymous_32)
FN:267,(anonymous_33)
FN:269,(anonymous_34)
FN:287,(anonymous_35)
FN:291,(anonymous_36)
FN:293,(anonymous_37)
FN:336,(anonymous_38)
FN:338,(anonymous_39)
FN:342,(anonymous_40)
FN:352,(anonymous_41)
FN:388,(anonymous_42)
FN:406,(anonymous_43)
FN:413,(anonymous_44)
FN:424,(anonymous_45)
FN:447,(anonymous_46)
FN:476,(anonymous_47)
FN:485,(anonymous_48)
FN:494,(anonymous_49)
FN:501,(anonymous_50)
FN:536,(anonymous_51)
FN:544,(anonymous_52)
FN:612,(anonymous_53)
FN:621,(anonymous_54)
FN:629,(anonymous_55)
FN:636,(anonymous_56)
FN:653,(anonymous_57)
FN:659,(anonymous_58)
FN:754,(anonymous_59)
FN:763,(anonymous_60)
FN:763,(anonymous_61)
FN:775,(anonymous_62)
FN:775,(anonymous_63)
FN:789,(anonymous_64)
FN:808,(anonymous_65)
FN:827,(anonymous_66)
FN:844,(anonymous_67)
FNF:58
FNH:0
FNDA:0,(anonymous_10)
FNDA:0,(anonymous_11)
FNDA:0,(anonymous_12)
FNDA:0,(anonymous_13)
FNDA:0,(anonymous_14)
FNDA:0,(anonymous_15)
FNDA:0,(anonymous_16)
FNDA:0,(anonymous_17)
FNDA:0,(anonymous_18)
FNDA:0,(anonymous_19)
FNDA:0,(anonymous_20)
FNDA:0,(anonymous_21)
FNDA:0,(anonymous_22)
FNDA:0,(anonymous_23)
FNDA:0,(anonymous_24)
FNDA:0,(anonymous_25)
FNDA:0,(anonymous_26)
FNDA:0,(anonymous_27)
FNDA:0,(anonymous_28)
FNDA:0,(anonymous_29)
FNDA:0,(anonymous_30)
FNDA:0,(anonymous_31)
FNDA:0,(anonymous_32)
FNDA:0,(anonymous_33)
FNDA:0,(anonymous_34)
FNDA:0,(anonymous_35)
FNDA:0,(anonymous_36)
FNDA:0,(anonymous_37)
FNDA:0,(anonymous_38)
FNDA:0,(anonymous_39)
FNDA:0,(anonymous_40)
FNDA:0,(anonymous_41)
FNDA:0,(anonymous_42)
FNDA:0,(anonymous_43)
FNDA:0,(anonymous_44)
FNDA:0,(anonymous_45)
FNDA:0,(anonymous_46)
FNDA:0,(anonymous_47)
FNDA:0,(anonymous_48)
FNDA:0,(anonymous_49)
FNDA:0,(anonymous_50)
FNDA:0,(anonymous_51)
FNDA:0,(anonymous_52)
FNDA:0,(anonymous_53)
FNDA:0,(anonymous_54)
FNDA:0,(anonymous_55)
FNDA:0,(anonymous_56)
FNDA:0,(anonymous_57)
FNDA:0,(anonymous_58)
FNDA:0,(anonymous_59)
FNDA:0,(anonymous_60)
FNDA:0,(anonymous_61)
FNDA:0,(anonymous_62)
FNDA:0,(anonymous_63)
FNDA:0,(anonymous_64)
FNDA:0,(anonymous_65)
FNDA:0,(anonymous_66)
FNDA:0,(anonymous_67)
DA:2,0
DA:4,0
DA:10,0
DA:11,0
DA:12,0
DA:13,0
DA:14,0
DA:23,0
DA:24,0
DA:26,0
DA:54,0
DA:56,0
DA:65,0
DA:66,0
DA:67,0
DA:68,0
DA:69,0
DA:70,0
DA:71,0
DA:72,0
DA:73,0
DA:74,0
DA:75,0
DA:76,0
DA:77,0
DA:78,0
DA:79,0
DA:80,0
DA:81,0
DA:83,0
DA:85,0
DA:86,0
DA:87,0
DA:88,0
DA:89,0
DA:90,0
DA:91,0
DA:92,0
DA:93,0
DA:96,0
DA:97,0
DA:98,0
DA:99,0
DA:101,0
DA:102,0
DA:103,0
DA:104,0
DA:105,0
DA:106,0
DA:109,0
DA:110,0
DA:111,0
DA:112,0
DA:113,0
DA:114,0
DA:115,0
DA:116,0
DA:117,0
DA:118,0
DA:121,0
DA:122,0
DA:123,0
DA:124,0
DA:125,0
DA:127,0
DA:130,0
DA:131,0
DA:132,0
DA:133,0
DA:134,0
DA:135,0
DA:136,0
DA:139,0
DA:140,0
DA:141,0
DA:142,0
DA:143,0
DA:144,0
DA:145,0
DA:146,0
DA:147,0
DA:148,0
DA:149,0
DA:150,0
DA:151,0
DA:152,0
DA:153,0
DA:154,0
DA:155,0
DA:156,0
DA:157,0
DA:158,0
DA:159,0
DA:160,0
DA:161,0
DA:162,0
DA:163,0
DA:164,0
DA:165,0
DA:166,0
DA:169,0
DA:171,0
DA:172,0
DA:175,0
DA:176,0
DA:177,0
DA:178,0
DA:179,0
DA:180,0
DA:181,0
DA:183,0
DA:184,0
DA:185,0
DA:189,0
DA:190,0
DA:191,0
DA:192,0
DA:195,0
DA:197,0
DA:198,0
DA:199,0
DA:200,0
DA:203,0
DA:204,0
DA:205,0
DA:206,0
DA:209,0
DA:214,0
DA:215,0
DA:216,0
DA:217,0
DA:218,0
DA:219,0
DA:220,0
DA:223,0
DA:224,0
DA:227,0
DA:228,0
DA:229,0
DA:230,0
DA:231,0
DA:232,0
DA:233,0
DA:234,0
DA:237,0
DA:238,0
DA:239,0
DA:240,0
DA:241,0
DA:242,0
DA:253,0
DA:254,0
DA:255,0
DA:256,0
DA:258,0
DA:262,0
DA:263,0
DA:264,0
DA:267,0
DA:268,0
DA:269,0
DA:270,0
DA:275,0
DA:276,0
DA:277,0
DA:283,0
DA:284,0
DA:287,0
DA:288,0
DA:289,0
DA:290,0
DA:291,0
DA:292,0
DA:293,0
DA:294,0
DA:295,0
DA:296,0
DA:297,0
DA:298,0
DA:299,0
DA:300,0
DA:301,0
DA:302,0
DA:303,0
DA:304,0
DA:305,0
DA:306,0
DA:307,0
DA:308,0
DA:310,0
DA:311,0
DA:312,0
DA:313,0
DA:314,0
DA:315,0
DA:316,0
DA:317,0
DA:318,0
DA:319,0
DA:320,0
DA:321,0
DA:322,0
DA:323,0
DA:324,0
DA:326,0
DA:327,0
DA:329,0
DA:331,0
DA:332,0
DA:333,0
DA:336,0
DA:337,0
DA:338,0
DA:339,0
DA:342,0
DA:343,0
DA:344,0
DA:345,0
DA:346,0
DA:347,0
DA:348,0
DA:349,0
DA:352,0
DA:353,0
DA:354,0
DA:355,0
DA:356,0
DA:357,0
DA:358,0
DA:359,0
DA:362,0
DA:388,0
DA:406,0
DA:413,0
DA:425,0
DA:426,0
DA:427,0
DA:447,0
DA:476,0
DA:485,0
DA:494,0
DA:501,0
DA:537,0
DA:538,0
DA:539,0
DA:541,0
DA:544,0
DA:612,0
DA:621,0
DA:629,0
DA:636,0
DA:653,0
DA:659,0
DA:754,0
DA:763,0
DA:775,0
DA:789,0
DA:809,0
DA:828,0
DA:844,0
DA:864,0
LF:261
LH:0
BRDA:88,0,0,0
BRDA:88,0,1,0
BRDA:90,1,0,0
BRDA:92,2,0,0
BRDA:101,3,0,0
BRDA:101,3,1,0
BRDA:101,4,0,0
BRDA:101,4,1,0
BRDA:102,5,0,0
BRDA:102,5,1,0
BRDA:106,6,0,0
BRDA:113,7,0,0
BRDA:113,7,1,0
BRDA:115,8,0,0
BRDA:115,9,0,0
BRDA:115,9,1,0
BRDA:116,10,0,0
BRDA:118,11,0,0
BRDA:118,12,0,0
BRDA:118,12,1,0
BRDA:122,13,0,0
BRDA:122,13,1,0
BRDA:123,14,0,0
BRDA:123,14,1,0
BRDA:124,15,0,0
BRDA:124,15,1,0
BRDA:125,16,0,0
BRDA:125,16,1,0
BRDA:134,17,0,0
BRDA:134,17,1,0
BRDA:150,18,0,0
BRDA:150,18,1,0
BRDA:151,19,0,0
BRDA:151,19,1,0
BRDA:151,19,2,0
BRDA:152,20,0,0
BRDA:154,21,0,0
BRDA:154,22,0,0
BRDA:154,22,1,0
BRDA:155,23,0,0
BRDA:155,24,0,0
BRDA:155,24,1,0
BRDA:156,25,0,0
BRDA:156,26,0,0
BRDA:156,26,1,0
BRDA:156,26,2,0
BRDA:157,27,0,0
BRDA:157,28,0,0
BRDA:157,28,1,0
BRDA:158,29,0,0
BRDA:159,30,0,0
BRDA:159,30,1,0
BRDA:160,31,0,0
BRDA:160,31,1,0
BRDA:161,32,0,0
BRDA:161,33,0,0
BRDA:161,33,1,0
BRDA:161,33,2,0
BRDA:162,34,0,0
BRDA:162,34,1,0
BRDA:163,35,0,0
BRDA:163,36,0,0
BRDA:163,36,1,0
BRDA:164,37,0,0
BRDA:165,38,0,0
BRDA:165,38,1,0
BRDA:166,39,0,0
BRDA:166,40,0,0
BRDA:166,40,1,0
BRDA:171,41,0,0
BRDA:171,41,1,0
BRDA:172,42,0,0
BRDA:172,42,1,0
BRDA:175,43,0,0
BRDA:175,43,1,0
BRDA:175,43,2,0
BRDA:175,43,3,0
BRDA:175,43,4,0
BRDA:175,43,5,0
BRDA:183,44,0,0
BRDA:183,45,0,0
BRDA:183,45,1,0
BRDA:184,46,0,0
BRDA:184,47,0,0
BRDA:184,47,1,0
BRDA:198,48,0,0
BRDA:199,49,0,0
BRDA:204,50,0,0
BRDA:205,51,0,0
BRDA:212,52,0,0
BRDA:214,53,0,0
BRDA:214,53,1,0
BRDA:216,54,0,0
BRDA:216,55,0,0
BRDA:216,55,1,0
BRDA:216,56,0,0
BRDA:216,56,1,0
BRDA:217,57,0,0
BRDA:217,58,0,0
BRDA:217,58,1,0
BRDA:219,59,0,0
BRDA:223,60,0,0
BRDA:224,61,0,0
BRDA:224,61,1,0
BRDA:228,62,0,0
BRDA:228,63,0,0
BRDA:228,63,1,0
BRDA:229,64,0,0
BRDA:231,65,0,0
BRDA:241,66,0,0
BRDA:241,66,1,0
BRDA:249,67,0,0
BRDA:249,67,1,0
BRDA:250,68,0,0
BRDA:250,68,1,0
BRDA:264,69,0,0
BRDA:264,69,1,0
BRDA:268,70,0,0
BRDA:268,71,0,0
BRDA:268,71,1,0
BRDA:275,72,0,0
BRDA:276,73,0,0
BRDA:289,74,0,0
BRDA:304,75,0,0
BRDA:304,76,0,0
BRDA:304,76,1,0
BRDA:306,77,0,0
BRDA:306,78,0,0
BRDA:306,78,1,0
BRDA:307,79,0,0
BRDA:307,79,1,0
BRDA:307,80,0,0
BRDA:307,80,1,0
BRDA:308,81,0,0
BRDA:308,82,0,0
BRDA:308,82,1,0
BRDA:308,82,2,0
BRDA:310,83,0,0
BRDA:310,84,0,0
BRDA:310,84,1,0
BRDA:311,85,0,0
BRDA:315,86,0,0
BRDA:315,87,0,0
BRDA:315,87,1,0
BRDA:317,88,0,0
BRDA:319,89,0,0
BRDA:321,90,0,0
BRDA:322,91,0,0
BRDA:322,91,1,0
BRDA:333,92,0,0
BRDA:337,93,0,0
BRDA:343,94,0,0
BRDA:345,95,0,0
BRDA:347,96,0,0
BRDA:354,97,0,0
BRDA:356,98,0,0
BRDA:386,99,0,0
BRDA:386,99,1,0
BRDA:460,100,0,0
BRDA:460,100,1,0
BRDA:537,101,0,0
BRDA:537,101,1,0
BRDA:542,102,0,0
BRDA:542,102,1,0
BRDA:544,103,0,0
BRDA:544,103,1,0
BRDA:548,104,0,0
BRDA:548,104,1,0
BRDA:554,105,0,0
BRDA:554,105,1,0
BRDA:557,106,0,0
BRDA:557,106,1,0
BRDA:584,107,0,0
BRDA:584,107,1,0
BRDA:585,108,0,0
BRDA:585,108,1,0
BRDA:590,109,0,0
BRDA:590,109,1,0
BRDA:596,110,0,0
BRDA:596,110,1,0
BRDA:607,111,0,0
BRDA:607,111,1,0
BRDA:634,112,0,0
BRDA:634,112,1,0
BRDA:644,113,0,0
BRDA:644,113,1,0
BRDA:706,114,0,0
BRDA:706,114,1,0
BRDA:734,115,0,0
BRDA:734,115,1,0
BRDA:740,116,0,0
BRDA:740,116,1,0
BRDA:753,117,0,0
BRDA:753,117,1,0
BRDA:760,118,0,0
BRDA:760,118,1,0
BRDA:787,119,0,0
BRDA:787,119,1,0
BRDA:802,120,0,0
BRDA:802,120,1,0
BRF:200
BRH:0
end_of_record
TN:
SF:components/EmployeeTimeline.tsx
FN:14,(anonymous_9)
FN:18,(anonymous_10)
FN:20,(anonymous_11)
FN:25,(anonymous_12)
FN:29,(anonymous_13)
FN:33,(anonymous_14)
FN:44,(anonymous_15)
FN:45,(anonymous_16)
FN:88,(anonymous_17)
FN:90,(anonymous_18)
FN:91,(anonymous_19)
FN:92,(anonymous_20)
FN:120,(anonymous_21)
FN:141,(anonymous_22)
FNF:14
FNH:0
FNDA:0,(anonymous_9)
FNDA:0,(anonymous_10)
FNDA:0,(anonymous_11)
FNDA:0,(anonymous_12)
FNDA:0,(anonymous_13)
FNDA:0,(anonymous_14)
FNDA:0,(anonymous_15)
FNDA:0,(anonymous_16)
FNDA:0,(anonymous_17)
FNDA:0,(anonymous_18)
FNDA:0,(anonymous_19)
FNDA:0,(anonymous_20)
FNDA:0,(anonymous_21)
FNDA:0,(anonymous_22)
DA:5,0
DA:7,0
DA:14,0
DA:15,0
DA:18,0
DA:19,0
DA:21,0
DA:22,0
DA:23,0
DA:25,0
DA:29,0
DA:30,0
DA:32,0
DA:33,0
DA:34,0
DA:35,0
DA:37,0
DA:40,0
DA:44,0
DA:45,0
DA:46,0
DA:47,0
DA:49,0
DA:51,0
DA:55,0
DA:56,0
DA:64,0
DA:89,0
DA:90,0
DA:91,0
DA:92,0
DA:94,0
DA:121,0
DA:142,0
DA:143,0
DA:145,0
DA:179,0
LF:37
LH:0
BRDA:14,0,0,0
BRDA:21,1,0,0
BRDA:46,2,0,0
BRDA:46,2,1,0
BRDA:55,3,0,0
BRDA:98,4,0,0
BRDA:98,4,1,0
BRDA:99,5,0,0
BRDA:99,5,1,0
BRDA:99,6,0,0
BRDA:99,6,1,0
BRDA:101,7,0,0
BRDA:101,7,1,0
BRDA:107,8,0,0
BRDA:107,8,1,0
BRDA:111,9,0,0
BRDA:111,9,1,0
BRDA:117,10,0,0
BRDA:117,10,1,0
BRDA:122,11,0,0
BRDA:122,11,1,0
BRDA:148,12,0,0
BRDA:148,12,1,0
BRDA:168,13,0,0
BRDA:168,13,1,0
BRF:25
BRH:0
end_of_record
TN:
SF:components/ErrorBoundary.tsx
FN:19,(anonymous_9)
FN:37,(anonymous_10)
FN:41,(anonymous_11)
FN:28,(anonymous_12)
FN:32,(anonymous_13)
FN:45,(anonymous_14)
FNF:6
FNH:0
FNDA:0,(anonymous_9)
FNDA:0,(anonymous_10)
FNDA:0,(anonymous_11)
FNDA:0,(anonymous_12)
FNDA:0,(anonymous_13)
FNDA:0,(anonymous_14)
DA:1,0
DA:2,0
DA:3,0
DA:5,0
DA:20,0
DA:21,0
DA:29,0
DA:33,0
DA:34,0
DA:37,0
DA:38,0
DA:41,0
DA:42,0
DA:46,0
DA:47,0
DA:48,0
DA:51,0
DA:111,0
DA:115,0
LF:19
LH:0
BRDA:46,0,0,0
BRDA:47,1,0,0
BRDA:74,2,0,0
BRDA:74,2,1,0
BRF:4
BRH:0
end_of_record
TN:
SF:components/LoginPage.tsx
FN:7,(anonymous_9)
FN:18,(anonymous_10)
FN:99,(anonymous_11)
FN:118,(anonymous_12)
FN:126,(anonymous_13)
FN:140,(anonymous_14)
FN:173,(anonymous_15)
FNF:7
FNH:0
FNDA:0,(anonymous_9)
FNDA:0,(anonymous_10)
FNDA:0,(anonymous_11)
FNDA:0,(anonymous_12)
FNDA:0,(anonymous_13)
FNDA:0,(anonymous_14)
FNDA:0,(anonymous_15)
DA:1,0
DA:2,0
DA:3,0
DA:7,0
DA:8,0
DA:10,0
DA:11,0
DA:12,0
DA:13,0
DA:14,0
DA:15,0
DA:16,0
DA:18,0
DA:19,0
DA:20,0
DA:21,0
DA:22,0
DA:24,0
DA:25,0
DA:26,0
DA:27,0
DA:28,0
DA:29,0
DA:31,0
DA:34,0
DA:35,0
DA:36,0
DA:37,0
DA:39,0
DA:43,0
DA:45,0
DA:49,0
DA:99,0
DA:118,0
DA:126,0
DA:140,0
DA:173,0
DA:201,0
LF:38
LH:0
BRDA:25,0,0,0
BRDA:25,0,1,0
BRDA:27,1,0,0
BRDA:28,2,0,0
BRDA:28,2,1,0
BRDA:34,3,0,0
BRDA:36,4,0,0
BRDA:36,4,1,0
BRDA:70,5,0,0
BRDA:70,5,1,0
BRDA:71,6,0,0
BRDA:71,6,1,0
BRDA:75,7,0,0
BRDA:75,7,1,0
BRDA:82,8,0,0
BRDA:82,8,1,0
BRDA:108,9,0,0
BRDA:108,9,1,0
BRDA:116,10,0,0
BRDA:116,10,1,0
BRDA:129,11,0,0
BRDA:129,11,1,0
BRDA:136,12,0,0
BRDA:136,12,1,0
BRDA:154,13,0,0
BRDA:154,13,1,0
BRDA:161,14,0,0
BRDA:161,14,1,0
BRDA:162,15,0,0
BRDA:162,15,1,0
BRDA:170,16,0,0
BRDA:170,16,1,0
BRDA:182,17,0,0
BRDA:182,17,1,0
BRF:34
BRH:0
end_of_record
TN:
SF:components/LowBalanceModal.tsx
FN:16,(anonymous_9)
FN:18,(anonymous_10)
FN:26,(anonymous_11)
FN:30,(anonymous_12)
FN:30,(anonymous_13)
FN:43,(anonymous_14)
FN:43,(anonymous_15)
FN:56,(anonymous_16)
FN:57,(anonymous_17)
FN:66,(anonymous_18)
FN:74,(anonymous_19)
FN:95,(anonymous_20)
FN:144,(anonymous_21)
FNF:13
FNH:0
FNDA:0,(anonymous_9)
FNDA:0,(anonymous_10)
FNDA:0,(anonymous_11)
FNDA:0,(anonymous_12)
FNDA:0,(anonymous_13)
FNDA:0,(anonymous_14)
FNDA:0,(anonymous_15)
FNDA:0,(anonymous_16)
FNDA:0,(anonymous_17)
FNDA:0,(anonymous_18)
FNDA:0,(anonymous_19)
FNDA:0,(anonymous_20)
FNDA:0,(anonymous_21)
DA:2,0
DA:3,0
DA:5,0
DA:6,0
DA:7,0
DA:8,0
DA:16,0
DA:17,0
DA:18,0
DA:24,0
DA:26,0
DA:29,0
DA:30,0
DA:31,0
DA:32,0
DA:33,0
DA:34,0
DA:36,0
DA:37,0
DA:42,0
DA:43,0
DA:44,0
DA:45,0
DA:46,0
DA:47,0
DA:49,0
DA:50,0
DA:55,0
DA:56,0
DA:58,0
DA:59,0
DA:60,0
DA:64,0
DA:66,0
DA:67,0
DA:68,0
DA:69,0
DA:70,0
DA:71,0
DA:74,0
DA:75,0
DA:76,0
DA:77,0
DA:78,0
DA:81,0
DA:95,0
DA:145,0
DA:197,0
LF:48
LH:0
BRDA:31,0,0,0
BRDA:31,0,1,0
BRDA:32,1,0,0
BRDA:33,2,0,0
BRDA:44,3,0,0
BRDA:44,3,1,0
BRDA:45,4,0,0
BRDA:46,5,0,0
BRDA:56,6,0,0
BRDA:56,6,1,0
BRDA:56,6,2,0
BRDA:56,6,3,0
BRDA:58,7,0,0
BRDA:58,7,1,0
BRDA:58,8,0,0
BRDA:58,8,1,0
BRDA:59,9,0,0
BRDA:59,9,1,0
BRDA:59,10,0,0
BRDA:59,10,1,0
BRDA:64,11,0,0
BRDA:67,12,0,0
BRDA:68,13,0,0
BRDA:69,14,0,0
BRDA:70,15,0,0
BRDA:75,16,0,0
BRDA:76,17,0,0
BRDA:77,18,0,0
BRDA:130,19,0,0
BRDA:130,19,1,0
BRDA:162,20,0,0
BRDA:162,20,1,0
BRDA:162,20,2,0
BRDA:170,21,0,0
BRDA:170,21,1,0
BRDA:170,21,2,0
BRF:36
BRH:0
end_of_record
TN:
SF:components/NotificationCenter.tsx
FN:36,(anonymous_9)
FN:51,(anonymous_10)
FN:60,(anonymous_11)
FN:90,(anonymous_12)
FN:102,(anonymous_13)
FN:109,(anonymous_14)
FN:112,(anonymous_15)
FN:114,(anonymous_16)
FN:151,(anonymous_17)
FN:153,(anonymous_18)
FN:179,(anonymous_19)
FN:181,(anonymous_20)
FN:186,(anonymous_21)
FN:206,(anonymous_22)
FN:227,(anonymous_23)
FN:233,(anonymous_24)
FN:247,(anonymous_25)
FN:266,(anonymous_26)
FN:269,(anonymous_27)
FN:271,(anonymous_28)
FN:289,(anonymous_29)
FN:292,(anonymous_30)
FN:293,(anonymous_31)
FN:294,(anonymous_32)
FN:300,(anonymous_33)
FN:303,(anonymous_34)
FN:307,(anonymous_35)
FN:309,(anonymous_36)
FN:317,(anonymous_37)
FN:320,(anonymous_38)
FN:322,(anonymous_39)
FN:329,(anonymous_40)
FN:331,(anonymous_41)
FN:339,(anonymous_42)
FN:340,(anonymous_43)
FN:341,(anonymous_44)
FN:342,(anonymous_45)
FN:346,(anonymous_46)
FN:349,(anonymous_47)
FN:350,(anonymous_48)
FN:351,(anonymous_49)
FN:356,(anonymous_50)
FN:357,(anonymous_51)
FN:359,(anonymous_52)
FN:359,(anonymous_53)
FN:363,(anonymous_54)
FN:368,(anonymous_55)
FN:376,(anonymous_56)
FN:378,(anonymous_57)
FN:384,(anonymous_58)
FN:389,(anonymous_59)
FN:390,(anonymous_60)
FN:398,(anonymous_61)
FN:399,(anonymous_62)
FN:401,(anonymous_63)
FN:414,(anonymous_64)
FN:430,(anonymous_65)
FN:481,(anonymous_66)
FN:541,(anonymous_67)
FN:542,(anonymous_68)
FN:545,(anonymous_69)
FN:592,(anonymous_70)
FN:597,(anonymous_71)
FN:603,(anonymous_72)
FN:626,(anonymous_73)
FN:629,(anonymous_74)
FNF:66
FNH:0
FNDA:0,(anonymous_9)
FNDA:0,(anonymous_10)
FNDA:0,(anonymous_11)
FNDA:0,(anonymous_12)
FNDA:0,(anonymous_13)
FNDA:0,(anonymous_14)
FNDA:0,(anonymous_15)
FNDA:0,(anonymous_16)
FNDA:0,(anonymous_17)
FNDA:0,(anonymous_18)
FNDA:0,(anonymous_19)
FNDA:0,(anonymous_20)
FNDA:0,(anonymous_21)
FNDA:0,(anonymous_22)
FNDA:0,(anonymous_23)
FNDA:0,(anonymous_24)
FNDA:0,(anonymous_25)
FNDA:0,(anonymous_26)
FNDA:0,(anonymous_27)
FNDA:0,(anonymous_28)
FNDA:0,(anonymous_29)
FNDA:0,(anonymous_30)
FNDA:0,(anonymous_31)
FNDA:0,(anonymous_32)
FNDA:0,(anonymous_33)
FNDA:0,(anonymous_34)
FNDA:0,(anonymous_35)
FNDA:0,(anonymous_36)
FNDA:0,(anonymous_37)
FNDA:0,(anonymous_38)
FNDA:0,(anonymous_39)
FNDA:0,(anonymous_40)
FNDA:0,(anonymous_41)
FNDA:0,(anonymous_42)
FNDA:0,(anonymous_43)
FNDA:0,(anonymous_44)
FNDA:0,(anonymous_45)
FNDA:0,(anonymous_46)
FNDA:0,(anonymous_47)
FNDA:0,(anonymous_48)
FNDA:0,(anonymous_49)
FNDA:0,(anonymous_50)
FNDA:0,(anonymous_51)
FNDA:0,(anonymous_52)
FNDA:0,(anonymous_53)
FNDA:0,(anonymous_54)
FNDA:0,(anonymous_55)
FNDA:0,(anonymous_56)
FNDA:0,(anonymous_57)
FNDA:0,(anonymous_58)
FNDA:0,(anonymous_59)
FNDA:0,(anonymous_60)
FNDA:0,(anonymous_61)
FNDA:0,(anonymous_62)
FNDA:0,(anonymous_63)
FNDA:0,(anonymous_64)
FNDA:0,(anonymous_65)
FNDA:0,(anonymous_66)
FNDA:0,(anonymous_67)
FNDA:0,(anonymous_68)
FNDA:0,(anonymous_69)
FNDA:0,(anonymous_70)
FNDA:0,(anonymous_71)
FNDA:0,(anonymous_72)
FNDA:0,(anonymous_73)
FNDA:0,(anonymous_74)
DA:1,0
DA:3,0
DA:4,0
DA:5,0
DA:6,0
DA:36,0
DA:37,0
DA:38,0
DA:39,0
DA:40,0
DA:41,0
DA:43,0
DA:44,0
DA:45,0
DA:46,0
DA:47,0
DA:51,0
DA:52,0
DA:53,0
DA:54,0
DA:56,0
DA:60,0
DA:61,0
DA:62,0
DA:67,0
DA:90,0
DA:91,0
DA:92,0
DA:93,0
DA:94,0
DA:95,0
DA:96,0
DA:97,0
DA:98,0
DA:99,0
DA:102,0
DA:103,0
DA:104,0
DA:105,0
DA:106,0
DA:109,0
DA:110,0
DA:112,0
DA:113,0
DA:114,0
DA:116,0
DA:117,0
DA:118,0
DA:121,0
DA:122,0
DA:135,0
DA:136,0
DA:151,0
DA:152,0
DA:153,0
DA:155,0
DA:156,0
DA:157,0
DA:159,0
DA:160,0
DA:176,0
DA:177,0
DA:179,0
DA:180,0
DA:181,0
DA:182,0
DA:186,0
DA:187,0
DA:190,0
DA:191,0
DA:206,0
DA:207,0
DA:208,0
DA:209,0
DA:212,0
DA:213,0
DA:226,0
DA:227,0
DA:228,0
DA:229,0
DA:232,0
DA:233,0
DA:234,0
DA:247,0
DA:248,0
DA:249,0
DA:252,0
DA:253,0
DA:266,0
DA:267,0
DA:268,0
DA:269,0
DA:271,0
DA:272,0
DA:273,0
DA:285,0
DA:289,0
DA:290,0
DA:292,0
DA:293,0
DA:294,0
DA:299,0
DA:300,0
DA:303,0
DA:304,0
DA:307,0
DA:308,0
DA:309,0
DA:312,0
DA:317,0
DA:318,0
DA:320,0
DA:322,0
DA:324,0
DA:329,0
DA:330,0
DA:331,0
DA:332,0
DA:333,0
DA:335,0
DA:339,0
DA:340,0
DA:341,0
DA:342,0
DA:343,0
DA:346,0
DA:347,0
DA:348,0
DA:349,0
DA:350,0
DA:351,0
DA:352,0
DA:356,0
DA:357,0
DA:358,0
DA:359,0
DA:360,0
DA:363,0
DA:364,0
DA:365,0
DA:368,0
DA:369,0
DA:370,0
DA:371,0
DA:372,0
DA:376,0
DA:377,0
DA:378,0
DA:379,0
DA:380,0
DA:384,0
DA:385,0
DA:386,0
DA:389,0
DA:390,0
DA:391,0
DA:392,0
DA:393,0
DA:394,0
DA:398,0
DA:399,0
DA:401,0
DA:402,0
DA:404,0
DA:406,0
DA:408,0
DA:410,0
DA:414,0
DA:415,0
DA:416,0
DA:418,0
DA:420,0
DA:422,0
DA:424,0
DA:426,0
DA:430,0
DA:431,0
DA:433,0
DA:435,0
DA:437,0
DA:439,0
DA:443,0
DA:445,0
DA:481,0
DA:541,0
DA:543,0
DA:545,0
DA:593,0
DA:594,0
DA:595,0
DA:596,0
DA:597,0
DA:599,0
DA:603,0
DA:627,0
DA:629,0
DA:743,0
LF:197
LH:0
BRDA:43,0,0,0
BRDA:44,1,0,0
BRDA:45,2,0,0
BRDA:46,3,0,0
BRDA:54,4,0,0
BRDA:54,4,1,0
BRDA:113,5,0,0
BRDA:113,5,1,0
BRDA:116,6,0,0
BRDA:121,7,0,0
BRDA:121,7,1,0
BRDA:135,8,0,0
BRDA:152,9,0,0
BRDA:152,9,1,0
BRDA:155,10,0,0
BRDA:159,11,0,0
BRDA:176,12,0,0
BRDA:182,13,0,0
BRDA:182,13,1,0
BRDA:182,13,2,0
BRDA:190,14,0,0
BRDA:190,15,0,0
BRDA:190,15,1,0
BRDA:212,16,0,0
BRDA:232,17,0,0
BRDA:249,18,0,0
BRDA:249,18,1,0
BRDA:252,19,0,0
BRDA:272,20,0,0
BRDA:272,21,0,0
BRDA:272,21,1,0
BRDA:296,22,0,0
BRDA:296,22,1,0
BRDA:296,22,2,0
BRDA:300,23,0,0
BRDA:300,23,1,0
BRDA:307,24,0,0
BRDA:307,25,0,0
BRDA:307,25,1,0
BRDA:307,26,0,0
BRDA:307,26,1,0
BRDA:307,26,2,0
BRDA:318,27,0,0
BRDA:318,27,1,0
BRDA:318,27,2,0
BRDA:322,28,0,0
BRDA:322,28,1,0
BRDA:332,29,0,0
BRDA:340,30,0,0
BRDA:340,30,1,0
BRDA:341,31,0,0
BRDA:341,31,1,0
BRDA:342,32,0,0
BRDA:342,32,1,0
BRDA:342,32,2,0
BRDA:350,33,0,0
BRDA:350,33,1,0
BRDA:370,34,0,0
BRDA:370,35,0,0
BRDA:370,35,1,0
BRDA:392,36,0,0
BRDA:392,36,1,0
BRDA:399,37,0,0
BRDA:399,37,1,0
BRDA:402,38,0,0
BRDA:402,38,1,0
BRDA:402,38,2,0
BRDA:402,38,3,0
BRDA:415,39,0,0
BRDA:418,40,0,0
BRDA:418,40,1,0
BRDA:418,40,2,0
BRDA:418,40,3,0
BRDA:431,41,0,0
BRDA:431,41,1,0
BRDA:431,41,2,0
BRDA:431,41,3,0
BRDA:450,42,0,0
BRDA:450,42,1,0
BRDA:457,43,0,0
BRDA:457,43,1,0
BRDA:459,44,0,0
BRDA:459,44,1,0
BRDA:463,45,0,0
BRDA:463,45,1,0
BRDA:469,46,0,0
BRDA:469,46,1,0
BRDA:471,47,0,0
BRDA:471,47,1,0
BRDA:480,48,0,0
BRDA:480,48,1,0
BRDA:498,49,0,0
BRDA:498,49,1,0
BRDA:499,50,0,0
BRDA:499,50,1,0
BRDA:515,51,0,0
BRDA:515,51,1,0
BRDA:517,52,0,0
BRDA:517,52,1,0
BRDA:520,53,0,0
BRDA:520,53,1,0
BRDA:523,54,0,0
BRDA:523,54,1,0
BRDA:525,55,0,0
BRDA:525,55,1,0
BRDA:528,56,0,0
BRDA:528,56,1,0
BRDA:541,57,0,0
BRDA:541,57,1,0
BRDA:546,58,0,0
BRDA:546,58,1,0
BRDA:552,59,0,0
BRDA:552,59,1,0
BRDA:553,60,0,0
BRDA:553,60,1,0
BRDA:564,61,0,0
BRDA:564,61,1,0
BRDA:567,62,0,0
BRDA:567,62,1,0
BRDA:590,63,0,0
BRDA:590,63,1,0
BRDA:594,64,0,0
BRDA:612,65,0,0
BRDA:612,65,1,0
BRDA:620,66,0,0
BRDA:620,66,1,0
BRDA:624,67,0,0
BRDA:624,67,1,0
BRDA:640,68,0,0
BRDA:640,68,1,0
BRDA:642,69,0,0
BRDA:642,69,1,0
BRDA:644,70,0,0
BRDA:644,70,1,0
BRDA:651,71,0,0
BRDA:651,71,1,0
BRDA:652,72,0,0
BRDA:652,72,1,0
BRDA:654,73,0,0
BRDA:654,73,1,0
BRDA:668,74,0,0
BRDA:668,74,1,0
BRDA:678,75,0,0
BRDA:678,75,1,0
BRDA:681,76,0,0
BRDA:681,76,1,0
BRDA:706,77,0,0
BRDA:706,77,1,0
BRDA:706,78,0,0
BRDA:706,78,1,0
BRF:150
BRH:0
end_of_record
TN:
SF:components/OperationalOverview.tsx
FN:28,(anonymous_9)
FN:35,(anonymous_10)
FN:41,(anonymous_11)
FN:61,(anonymous_12)
FN:65,(anonymous_13)
FN:71,(anonymous_14)
FN:80,(anonymous_15)
FN:90,(anonymous_16)
FN:91,(anonymous_17)
FN:112,(anonymous_18)
FN:114,(anonymous_19)
FN:119,(anonymous_20)
FN:120,(anonymous_21)
FN:122,(anonymous_22)
FN:124,(anonymous_23)
FN:139,(anonymous_24)
FN:165,(anonymous_25)
FN:246,(anonymous_26)
FN:254,(anonymous_27)
FN:263,(anonymous_28)
FN:301,(anonymous_29)
FN:309,(anonymous_30)
FN:318,(anonymous_31)
FN:356,(anonymous_32)
FN:364,(anonymous_33)
FN:373,(anonymous_34)
FN:390,(anonymous_35)
FN:394,(anonymous_36)
FN:407,(anonymous_37)
FN:417,(anonymous_38)
FNF:30
FNH:0
FNDA:0,(anonymous_9)
FNDA:0,(anonymous_10)
FNDA:0,(anonymous_11)
FNDA:0,(anonymous_12)
FNDA:0,(anonymous_13)
FNDA:0,(anonymous_14)
FNDA:0,(anonymous_15)
FNDA:0,(anonymous_16)
FNDA:0,(anonymous_17)
FNDA:0,(anonymous_18)
FNDA:0,(anonymous_19)
FNDA:0,(anonymous_20)
FNDA:0,(anonymous_21)
FNDA:0,(anonymous_22)
FNDA:0,(anonymous_23)
FNDA:0,(anonymous_24)
FNDA:0,(anonymous_25)
FNDA:0,(anonymous_26)
FNDA:0,(anonymous_27)
FNDA:0,(anonymous_28)
FNDA:0,(anonymous_29)
FNDA:0,(anonymous_30)
FNDA:0,(anonymous_31)
FNDA:0,(anonymous_32)
FNDA:0,(anonymous_33)
FNDA:0,(anonymous_34)
FNDA:0,(anonymous_35)
FNDA:0,(anonymous_36)
FNDA:0,(anonymous_37)
FNDA:0,(anonymous_38)
DA:1,0
DA:3,0
DA:26,0
DA:28,0
DA:29,0
DA:30,0
DA:31,0
DA:32,0
DA:35,0
DA:36,0
DA:37,0
DA:38,0
DA:41,0
DA:44,0
DA:45,0
DA:47,0
DA:48,0
DA:49,0
DA:52,0
DA:53,0
DA:54,0
DA:55,0
DA:58,0
DA:61,0
DA:62,0
DA:65,0
DA:66,0
DA:71,0
DA:77,0
DA:78,0
DA:80,0
DA:81,0
DA:82,0
DA:83,0
DA:84,0
DA:86,0
DA:87,0
DA:89,0
DA:90,0
DA:92,0
DA:93,0
DA:95,0
DA:100,0
DA:112,0
DA:115,0
DA:119,0
DA:120,0
DA:121,0
DA:122,0
DA:125,0
DA:129,0
DA:139,0
DA:140,0
DA:142,0
DA:143,0
DA:150,0
DA:151,0
DA:158,0
DA:165,0
DA:170,0
DA:171,0
DA:179,0
DA:211,0
DA:214,0
DA:218,0
DA:246,0
DA:254,0
DA:263,0
DA:301,0
DA:309,0
DA:318,0
DA:356,0
DA:364,0
DA:373,0
DA:390,0
DA:394,0
DA:407,0
DA:418,0
DA:431,0
LF:79
LH:0
BRDA:36,0,0,0
BRDA:38,1,0,0
BRDA:38,1,1,0
BRDA:45,2,0,0
BRDA:48,3,0,0
BRDA:48,4,0,0
BRDA:48,4,1,0
BRDA:52,5,0,0
BRDA:52,6,0,0
BRDA:52,6,1,0
BRDA:53,7,0,0
BRDA:53,7,1,0
BRDA:66,8,0,0
BRDA:66,8,1,0
BRDA:73,9,0,0
BRDA:75,10,0,0
BRDA:90,11,0,0
BRDA:90,11,1,0
BRDA:93,12,0,0
BRDA:115,13,0,0
BRDA:115,13,1,0
BRDA:122,14,0,0
BRDA:122,14,1,0
BRDA:125,15,0,0
BRDA:125,15,1,0
BRDA:140,16,0,0
BRDA:142,17,0,0
BRDA:150,18,0,0
BRDA:168,19,0,0
BRDA:171,20,0,0
BRDA:171,20,1,0
BRDA:172,21,0,0
BRDA:172,21,1,0
BRDA:175,22,0,0
BRDA:175,22,1,0
BRDA:182,23,0,0
BRDA:182,23,1,0
BRDA:193,24,0,0
BRDA:193,24,1,0
BRDA:205,25,0,0
BRDA:205,25,1,0
BRDA:211,26,0,0
BRDA:211,26,1,0
BRDA:214,27,0,0
BRDA:214,27,1,0
BRDA:221,28,0,0
BRDA:221,28,1,0
BRDA:222,29,0,0
BRDA:222,29,1,0
BRDA:237,30,0,0
BRDA:237,30,1,0
BRDA:240,31,0,0
BRDA:240,31,1,0
BRDA:241,32,0,0
BRDA:241,32,1,0
BRDA:241,33,0,0
BRDA:241,33,1,0
BRDA:255,34,0,0
BRDA:255,34,1,0
BRDA:260,35,0,0
BRDA:260,35,1,0
BRDA:269,36,0,0
BRDA:269,36,1,0
BRDA:276,37,0,0
BRDA:276,37,1,0
BRDA:277,38,0,0
BRDA:277,38,1,0
BRDA:292,39,0,0
BRDA:292,39,1,0
BRDA:295,40,0,0
BRDA:295,40,1,0
BRDA:296,41,0,0
BRDA:296,41,1,0
BRDA:296,42,0,0
BRDA:296,42,1,0
BRDA:310,43,0,0
BRDA:310,43,1,0
BRDA:315,44,0,0
BRDA:315,44,1,0
BRDA:324,45,0,0
BRDA:324,45,1,0
BRDA:331,46,0,0
BRDA:331,46,1,0
BRDA:332,47,0,0
BRDA:332,47,1,0
BRDA:347,48,0,0
BRDA:347,48,1,0
BRDA:350,49,0,0
BRDA:350,49,1,0
BRDA:351,50,0,0
BRDA:351,50,1,0
BRDA:365,51,0,0
BRDA:365,51,1,0
BRDA:370,52,0,0
BRDA:370,52,1,0
BRDA:379,53,0,0
BRDA:379,53,1,0
BRDA:387,54,0,0
BRDA:387,54,1,0
BRDA:402,55,0,0
BRDA:402,55,1,0
BRDA:416,56,0,0
BRDA:416,56,1,0
BRDA:418,57,0,0
BRDA:418,57,1,0
BRF:105
BRH:0
end_of_record
TN:
SF:components/Pagination.tsx
FN:12,(anonymous_9)
FN:21,(anonymous_10)
FN:22,(anonymous_11)
FN:24,(anonymous_12)
FN:30,(anonymous_13)
FN:53,(anonymous_14)
FN:54,(anonymous_15)
FN:55,(anonymous_16)
FN:56,(anonymous_17)
FN:92,(anonymous_18)
FN:96,(anonymous_19)
FNF:11
FNH:0
FNDA:0,(anonymous_9)
FNDA:0,(anonymous_10)
FNDA:0,(anonymous_11)
FNDA:0,(anonymous_12)
FNDA:0,(anonymous_13)
FNDA:0,(anonymous_14)
FNDA:0,(anonymous_15)
FNDA:0,(anonymous_16)
FNDA:0,(anonymous_17)
FNDA:0,(anonymous_18)
FNDA:0,(anonymous_19)
DA:1,0
DA:2,0
DA:12,0
DA:19,0
DA:21,0
DA:22,0
DA:23,0
DA:24,0
DA:27,0
DA:28,0
DA:30,0
DA:31,0
DA:32,0
DA:34,0
DA:35,0
DA:37,0
DA:39,0
DA:41,0
DA:42,0
DA:45,0
DA:47,0
DA:50,0
DA:53,0
DA:54,0
DA:55,0
DA:56,0
DA:58,0
DA:60,0
DA:93,0
DA:96,0
DA:136,0
DA:138,0
LF:32
LH:0
BRDA:32,0,0,0
BRDA:32,0,1,0
BRDA:34,1,0,0
BRDA:34,1,1,0
BRDA:39,2,0,0
BRDA:45,3,0,0
BRDA:58,4,0,0
BRDA:93,5,0,0
BRDA:93,5,1,0
BRDA:97,6,0,0
BRDA:97,6,1,0
BRF:11
BRH:0
end_of_record
TN:
SF:components/PermitForm.tsx
FN:28,(anonymous_9)
FN:34,(anonymous_10)
FN:62,(anonymous_11)
FN:116,(anonymous_12)
FN:117,(anonymous_13)
FN:123,(anonymous_14)
FN:126,(anonymous_15)
FN:133,(anonymous_16)
FN:141,(anonymous_17)
FN:143,(anonymous_18)
FN:151,(anonymous_19)
FN:158,(anonymous_20)
FN:165,(anonymous_21)
FN:172,(anonymous_22)
FN:182,(anonymous_23)
FN:183,(anonymous_24)
FN:191,(anonymous_25)
FN:196,(anonymous_26)
FN:202,(anonymous_27)
FN:204,(anonymous_28)
FN:211,(anonymous_29)
FN:228,(anonymous_30)
FN:235,(anonymous_31)
FN:236,(anonymous_32)
FN:240,(anonymous_33)
FN:242,(anonymous_34)
FN:245,(anonymous_35)
FN:246,(anonymous_36)
FN:248,(anonymous_37)
FN:257,(anonymous_38)
FN:273,(anonymous_39)
FN:276,(anonymous_40)
FN:283,(anonymous_41)
FN:302,(anonymous_42)
FN:303,(anonymous_43)
FN:305,(anonymous_44)
FN:310,(anonymous_45)
FN:320,(anonymous_46)
FN:341,(anonymous_47)
FN:345,(anonymous_48)
FN:366,(anonymous_49)
FN:368,(anonymous_50)
FN:375,(anonymous_51)
FN:383,(anonymous_52)
FN:394,(anonymous_53)
FN:400,(anonymous_54)
FN:424,(anonymous_55)
FN:457,(anonymous_56)
FN:469,(anonymous_57)
FN:495,(anonymous_58)
FN:499,(anonymous_59)
FN:652,(anonymous_60)
FN:698,(anonymous_61)
FN:737,(anonymous_62)
FN:741,(anonymous_63)
FN:741,(anonymous_64)
FN:770,(anonymous_65)
FN:771,(anonymous_66)
FN:777,(anonymous_67)
FN:784,(anonymous_68)
FN:785,(anonymous_69)
FN:932,(anonymous_70)
FN:936,(anonymous_71)
FN:936,(anonymous_72)
FN:1018,(anonymous_73)
FNF:65
FNH:0
FNDA:0,(anonymous_9)
FNDA:0,(anonymous_10)
FNDA:0,(anonymous_11)
FNDA:0,(anonymous_12)
FNDA:0,(anonymous_13)
FNDA:0,(anonymous_14)
FNDA:0,(anonymous_15)
FNDA:0,(anonymous_16)
FNDA:0,(anonymous_17)
FNDA:0,(anonymous_18)
FNDA:0,(anonymous_19)
FNDA:0,(anonymous_20)
FNDA:0,(anonymous_21)
FNDA:0,(anonymous_22)
FNDA:0,(anonymous_23)
FNDA:0,(anonymous_24)
FNDA:0,(anonymous_25)
FNDA:0,(anonymous_26)
FNDA:0,(anonymous_27)
FNDA:0,(anonymous_28)
FNDA:0,(anonymous_29)
FNDA:0,(anonymous_30)
FNDA:0,(anonymous_31)
FNDA:0,(anonymous_32)
FNDA:0,(anonymous_33)
FNDA:0,(anonymous_34)
FNDA:0,(anonymous_35)
FNDA:0,(anonymous_36)
FNDA:0,(anonymous_37)
FNDA:0,(anonymous_38)
FNDA:0,(anonymous_39)
FNDA:0,(anonymous_40)
FNDA:0,(anonymous_41)
FNDA:0,(anonymous_42)
FNDA:0,(anonymous_43)
FNDA:0,(anonymous_44)
FNDA:0,(anonymous_45)
FNDA:0,(anonymous_46)
FNDA:0,(anonymous_47)
FNDA:0,(anonymous_48)
FNDA:0,(anonymous_49)
FNDA:0,(anonymous_50)
FNDA:0,(anonymous_51)
FNDA:0,(anonymous_52)
FNDA:0,(anonymous_53)
FNDA:0,(anonymous_54)
FNDA:0,(anonymous_55)
FNDA:0,(anonymous_56)
FNDA:0,(anonymous_57)
FNDA:0,(anonymous_58)
FNDA:0,(anonymous_59)
FNDA:0,(anonymous_60)
FNDA:0,(anonymous_61)
FNDA:0,(anonymous_62)
FNDA:0,(anonymous_63)
FNDA:0,(anonymous_64)
FNDA:0,(anonymous_65)
FNDA:0,(anonymous_66)
FNDA:0,(anonymous_67)
FNDA:0,(anonymous_68)
FNDA:0,(anonymous_69)
FNDA:0,(anonymous_70)
FNDA:0,(anonymous_71)
FNDA:0,(anonymous_72)
FNDA:0,(anonymous_73)
DA:2,0
DA:4,0
DA:5,0
DA:6,0
DA:10,0
DA:12,0
DA:13,0
DA:14,0
DA:15,0
DA:16,0
DA:17,0
DA:18,0
DA:25,0
DA:28,0
DA:29,0
DA:30,0
DA:34,0
DA:35,0
DA:36,0
DA:37,0
DA:38,0
DA:62,0
DA:74,0
DA:75,0
DA:76,0
DA:78,0
DA:105,0
DA:106,0
DA:107,0
DA:108,0
DA:109,0
DA:110,0
DA:112,0
DA:113,0
DA:114,0
DA:116,0
DA:117,0
DA:118,0
DA:119,0
DA:122,0
DA:123,0
DA:126,0
DA:127,0
DA:128,0
DA:129,0
DA:130,0
DA:133,0
DA:141,0
DA:142,0
DA:143,0
DA:151,0
DA:152,0
DA:153,0
DA:154,0
DA:158,0
DA:159,0
DA:160,0
DA:161,0
DA:162,0
DA:165,0
DA:166,0
DA:167,0
DA:169,0
DA:172,0
DA:173,0
DA:174,0
DA:175,0
DA:178,0
DA:180,0
DA:181,0
DA:182,0
DA:183,0
DA:185,0
DA:186,0
DA:188,0
DA:190,0
DA:191,0
DA:192,0
DA:195,0
DA:196,0
DA:197,0
DA:200,0
DA:201,0
DA:202,0
DA:204,0
DA:206,0
DA:211,0
DA:212,0
DA:214,0
DA:215,0
DA:218,0
DA:219,0
DA:221,0
DA:222,0
DA:223,0
DA:225,0
DA:228,0
DA:229,0
DA:230,0
DA:231,0
DA:234,0
DA:235,0
DA:236,0
DA:237,0
DA:240,0
DA:241,0
DA:242,0
DA:245,0
DA:246,0
DA:247,0
DA:248,0
DA:249,0
DA:250,0
DA:252,0
DA:253,0
DA:257,0
DA:258,0
DA:259,0
DA:260,0
DA:261,0
DA:263,0
DA:265,0
DA:266,0
DA:267,0
DA:268,0
DA:269,0
DA:271,0
DA:272,0
DA:273,0
DA:275,0
DA:276,0
DA:283,0
DA:289,0
DA:293,0
DA:294,0
DA:295,0
DA:296,0
DA:297,0
DA:298,0
DA:301,0
DA:302,0
DA:303,0
DA:304,0
DA:305,0
DA:306,0
DA:310,0
DA:312,0
DA:313,0
DA:316,0
DA:318,0
DA:320,0
DA:340,0
DA:341,0
DA:342,0
DA:343,0
DA:345,0
DA:352,0
DA:353,0
DA:356,0
DA:357,0
DA:358,0
DA:360,0
DA:362,0
DA:366,0
DA:367,0
DA:368,0
DA:373,0
DA:374,0
DA:375,0
DA:378,0
DA:379,0
DA:380,0
DA:381,0
DA:383,0
DA:384,0
DA:385,0
DA:386,0
DA:389,0
DA:390,0
DA:391,0
DA:392,0
DA:394,0
DA:395,0
DA:396,0
DA:397,0
DA:400,0
DA:401,0
DA:402,0
DA:403,0
DA:404,0
DA:406,0
DA:407,0
DA:408,0
DA:412,0
DA:413,0
DA:414,0
DA:415,0
DA:416,0
DA:417,0
DA:419,0
DA:421,0
DA:424,0
DA:425,0
DA:426,0
DA:428,0
DA:429,0
DA:430,0
DA:433,0
DA:434,0
DA:435,0
DA:436,0
DA:440,0
DA:442,0
DA:443,0
DA:444,0
DA:446,0
DA:447,0
DA:450,0
DA:453,0
DA:457,0
DA:462,0
DA:463,0
DA:465,0
DA:466,0
DA:469,0
DA:470,0
DA:474,0
DA:475,0
DA:477,0
DA:484,0
DA:487,0
DA:488,0
DA:489,0
DA:492,0
DA:495,0
DA:496,0
DA:497,0
DA:498,0
DA:499,0
DA:501,0
DA:502,0
DA:503,0
DA:504,0
DA:505,0
DA:506,0
DA:507,0
DA:508,0
DA:510,0
DA:511,0
DA:512,0
DA:514,0
DA:515,0
DA:523,0
DA:524,0
DA:525,0
DA:526,0
DA:527,0
DA:531,0
DA:532,0
DA:533,0
DA:537,0
DA:538,0
DA:539,0
DA:540,0
DA:541,0
DA:542,0
DA:547,0
DA:548,0
DA:549,0
DA:550,0
DA:552,0
DA:553,0
DA:554,0
DA:555,0
DA:558,0
DA:559,0
DA:560,0
DA:561,0
DA:564,0
DA:565,0
DA:566,0
DA:567,0
DA:570,0
DA:571,0
DA:572,0
DA:573,0
DA:574,0
DA:575,0
DA:578,0
DA:579,0
DA:580,0
DA:581,0
DA:585,0
DA:586,0
DA:587,0
DA:588,0
DA:591,0
DA:592,0
DA:593,0
DA:594,0
DA:595,0
DA:596,0
DA:599,0
DA:600,0
DA:601,0
DA:606,0
DA:607,0
DA:614,0
DA:615,0
DA:616,0
DA:617,0
DA:618,0
DA:619,0
DA:620,0
DA:624,0
DA:625,0
DA:626,0
DA:627,0
DA:628,0
DA:633,0
DA:636,0
DA:642,0
DA:643,0
DA:645,0
DA:646,0
DA:648,0
DA:652,0
DA:653,0
DA:663,0
DA:698,0
DA:738,0
DA:741,0
DA:770,0
DA:771,0
DA:777,0
DA:785,0
DA:933,0
DA:936,0
DA:1019,0
DA:1020,0
DA:1159,0
LF:341
LH:0
BRDA:29,0,0,0
BRDA:35,1,0,0
BRDA:118,2,0,0
BRDA:118,3,0,0
BRDA:118,3,1,0
BRDA:127,4,0,0
BRDA:127,4,1,0
BRDA:142,5,0,0
BRDA:152,6,0,0
BRDA:152,7,0,0
BRDA:152,7,1,0
BRDA:159,8,0,0
BRDA:160,9,0,0
BRDA:166,10,0,0
BRDA:173,11,0,0
BRDA:178,12,0,0
BRDA:178,13,0,0
BRDA:178,13,1,0
BRDA:182,14,0,0
BRDA:182,14,1,0
BRDA:185,15,0,0
BRDA:185,15,1,0
BRDA:188,16,0,0
BRDA:188,16,1,0
BRDA:200,17,0,0
BRDA:200,17,1,0
BRDA:212,18,0,0
BRDA:212,18,1,0
BRDA:212,18,2,0
BRDA:212,18,3,0
BRDA:214,19,0,0
BRDA:214,20,0,0
BRDA:214,20,1,0
BRDA:218,21,0,0
BRDA:218,22,0,0
BRDA:218,22,1,0
BRDA:221,23,0,0
BRDA:222,24,0,0
BRDA:231,25,0,0
BRDA:231,25,1,0
BRDA:234,26,0,0
BRDA:259,27,0,0
BRDA:259,28,0,0
BRDA:259,28,1,0
BRDA:265,29,0,0
BRDA:265,29,1,0
BRDA:268,30,0,0
BRDA:268,31,0,0
BRDA:268,31,1,0
BRDA:269,32,0,0
BRDA:269,32,1,0
BRDA:272,33,0,0
BRDA:272,33,1,0
BRDA:275,34,0,0
BRDA:275,34,1,0
BRDA:280,35,0,0
BRDA:280,35,1,0
BRDA:286,36,0,0
BRDA:286,36,1,0
BRDA:287,37,0,0
BRDA:287,37,1,0
BRDA:302,38,0,0
BRDA:302,38,1,0
BRDA:304,39,0,0
BRDA:305,40,0,0
BRDA:305,40,1,0
BRDA:310,41,0,0
BRDA:310,41,1,0
BRDA:310,42,0,0
BRDA:310,42,1,0
BRDA:313,43,0,0
BRDA:313,43,1,0
BRDA:316,44,0,0
BRDA:316,44,1,0
BRDA:316,44,2,0
BRDA:316,45,0,0
BRDA:316,45,1,0
BRDA:316,45,2,0
BRDA:323,46,0,0
BRDA:323,46,1,0
BRDA:324,47,0,0
BRDA:324,47,1,0
BRDA:326,48,0,0
BRDA:326,48,1,0
BRDA:327,49,0,0
BRDA:327,49,1,0
BRDA:327,49,2,0
BRDA:328,50,0,0
BRDA:328,50,1,0
BRDA:328,50,2,0
BRDA:330,51,0,0
BRDA:330,51,1,0
BRDA:331,52,0,0
BRDA:331,52,1,0
BRDA:332,53,0,0
BRDA:332,53,1,0
BRDA:332,53,2,0
BRDA:334,54,0,0
BRDA:334,54,1,0
BRDA:335,55,0,0
BRDA:335,55,1,0
BRDA:336,56,0,0
BRDA:336,56,1,0
BRDA:336,56,2,0
BRDA:340,57,0,0
BRDA:340,57,1,0
BRDA:342,58,0,0
BRDA:342,58,1,0
BRDA:348,59,0,0
BRDA:348,59,1,0
BRDA:352,60,0,0
BRDA:352,60,1,0
BRDA:356,61,0,0
BRDA:356,61,1,0
BRDA:358,62,0,0
BRDA:358,62,1,0
BRDA:362,63,0,0
BRDA:367,64,0,0
BRDA:367,64,1,0
BRDA:385,65,0,0
BRDA:385,65,1,0
BRDA:386,66,0,0
BRDA:386,66,1,0
BRDA:386,66,2,0
BRDA:391,67,0,0
BRDA:391,67,1,0
BRDA:391,68,0,0
BRDA:391,68,1,0
BRDA:392,69,0,0
BRDA:392,69,1,0
BRDA:392,70,0,0
BRDA:392,70,1,0
BRDA:395,71,0,0
BRDA:397,72,0,0
BRDA:397,72,1,0
BRDA:400,73,0,0
BRDA:403,74,0,0
BRDA:403,75,0,0
BRDA:403,75,1,0
BRDA:404,76,0,0
BRDA:406,77,0,0
BRDA:416,78,0,0
BRDA:425,79,0,0
BRDA:425,79,1,0
BRDA:426,80,0,0
BRDA:429,81,0,0
BRDA:429,82,0,0
BRDA:429,82,1,0
BRDA:430,83,0,0
BRDA:430,83,1,0
BRDA:433,84,0,0
BRDA:433,85,0,0
BRDA:433,85,1,0
BRDA:434,86,0,0
BRDA:434,86,1,0
BRDA:443,87,0,0
BRDA:446,88,0,0
BRDA:463,89,0,0
BRDA:466,90,0,0
BRDA:470,91,0,0
BRDA:470,91,1,0
BRDA:475,92,0,0
BRDA:480,93,0,0
BRDA:480,93,1,0
BRDA:484,94,0,0
BRDA:487,95,0,0
BRDA:487,95,1,0
BRDA:488,96,0,0
BRDA:501,97,0,0
BRDA:501,97,1,0
BRDA:503,98,0,0
BRDA:503,98,1,0
BRDA:506,99,0,0
BRDA:510,100,0,0
BRDA:510,100,1,0
BRDA:511,101,0,0
BRDA:511,101,1,0
BRDA:512,102,0,0
BRDA:514,103,0,0
BRDA:514,104,0,0
BRDA:514,104,1,0
BRDA:523,105,0,0
BRDA:531,106,0,0
BRDA:532,107,0,0
BRDA:532,107,1,0
BRDA:533,108,0,0
BRDA:537,109,0,0
[...]
DA:129,0
DA:132,0
DA:133,0
DA:136,0
DA:138,0
DA:139,0
DA:142,0
DA:149,0
DA:151,0
DA:152,0
DA:154,0
DA:155,0
DA:157,0
DA:158,0
DA:159,0
DA:162,0
DA:188,0
DA:220,0
DA:221,0
DA:222,0
DA:241,0
DA:242,0
DA:243,0
DA:244,0
DA:247,0
DA:249,0
DA:250,0
DA:251,0
DA:252,0
DA:253,0
DA:254,0
DA:256,0
DA:260,0
DA:267,0
DA:268,0
DA:269,0
DA:271,0
DA:273,0
DA:274,0
DA:275,0
DA:276,0
DA:278,0
DA:283,0
DA:286,0
DA:287,0
DA:290,0
DA:293,0
DA:294,0
DA:295,0
DA:303,0
DA:304,0
DA:306,0
DA:308,0
DA:309,0
DA:310,0
DA:311,0
DA:312,0
DA:313,0
DA:315,0
DA:316,0
DA:317,0
DA:319,0
DA:324,0
DA:325,0
DA:326,0
DA:327,0
DA:330,0
DA:331,0
DA:334,0
DA:335,0
DA:336,0
DA:339,0
DA:340,0
DA:341,0
LF:119
LH:0
BRDA:14,0,0,0
BRDA:15,1,0,0
BRDA:15,1,1,0
BRDA:17,2,0,0
BRDA:17,3,0,0
BRDA:17,3,1,0
BRDA:20,4,0,0
BRDA:23,5,0,0
BRDA:26,6,0,0
BRDA:26,6,1,0
BRDA:32,7,0,0
BRDA:39,8,0,0
BRDA:41,9,0,0
BRDA:63,10,0,0
BRDA:63,10,1,0
BRDA:64,11,0,0
BRDA:64,11,1,0
BRDA:65,12,0,0
BRDA:65,12,1,0
BRDA:92,13,0,0
BRDA:92,13,1,0
BRDA:93,14,0,0
BRDA:93,14,1,0
BRDA:104,15,0,0
BRDA:104,15,1,0
BRDA:124,16,0,0
BRDA:124,17,0,0
BRDA:124,17,1,0
BRDA:127,18,0,0
BRDA:127,18,1,0
BRDA:132,19,0,0
BRDA:138,20,0,0
BRDA:139,21,0,0
BRDA:139,21,1,0
BRDA:157,22,0,0
BRDA:162,23,0,0
BRDA:162,23,1,0
BRDA:188,24,0,0
BRDA:188,24,1,0
BRDA:242,25,0,0
BRDA:249,26,0,0
BRDA:249,26,1,0
BRDA:250,27,0,0
BRDA:250,27,1,0
BRDA:250,27,2,0
BRDA:251,28,0,0
BRDA:251,29,0,0
BRDA:251,29,1,0
BRDA:273,30,0,0
BRDA:286,31,0,0
BRDA:293,32,0,0
BRDA:293,32,1,0
BRDA:308,33,0,0
BRDA:330,34,0,0
BRDA:339,35,0,0
BRDA:339,35,1,0
BRF:56
BRH:0
end_of_record
TN:
SF:utils/audit.ts
FN:24,(anonymous_0)
FN:31,(anonymous_1)
FN:32,(anonymous_2)
FN:38,(anonymous_3)
FN:46,(anonymous_4)
FN:77,(anonymous_5)
FN:79,(anonymous_6)
FN:82,(anonymous_7)
FN:92,(anonymous_8)
FNF:9
FNH:0
FNDA:0,(anonymous_0)
FNDA:0,(anonymous_1)
FNDA:0,(anonymous_2)
FNDA:0,(anonymous_3)
FNDA:0,(anonymous_4)
FNDA:0,(anonymous_5)
FNDA:0,(anonymous_6)
FNDA:0,(anonymous_7)
FNDA:0,(anonymous_8)
DA:1,0
DA:2,0
DA:4,0
DA:21,0
DA:22,0
DA:24,0
DA:25,0
DA:26,0
DA:27,0
DA:28,0
DA:29,0
DA:30,0
DA:31,0
DA:32,0
DA:34,0
DA:38,0
DA:39,0
DA:40,0
DA:46,0
DA:47,0
DA:48,0
DA:55,0
DA:56,0
DA:59,0
DA:60,0
DA:61,0
DA:73,0
DA:77,0
DA:78,0
DA:79,0
DA:82,0
DA:83,0
DA:84,0
DA:90,0
DA:92,0
DA:105,0
DA:106,0
LF:37
LH:0
BRDA:27,0,0,0
BRDA:29,1,0,0
BRDA:31,2,0,0
BRDA:31,2,1,0
BRDA:60,3,0,0
BRDA:79,4,0,0
BRDA:79,4,1,0
BRDA:82,5,0,0
BRDA:90,6,0,0
BRDA:92,7,0,0
BRDA:92,7,1,0
BRF:11
BRH:0
end_of_record
TN:
SF:utils/dataAuditor.ts
FN:17,(anonymous_0)
FN:20,(anonymous_1)
FN:25,(anonymous_2)
FN:154,(anonymous_3)
FN:192,(anonymous_4)
FN:198,(anonymous_5)
FN:201,(anonymous_6)
FN:201,(anonymous_7)
FNF:8
FNH:0
FNDA:0,(anonymous_0)
FNDA:0,(anonymous_1)
FNDA:0,(anonymous_2)
FNDA:0,(anonymous_3)
FNDA:0,(anonymous_4)
FNDA:0,(anonymous_5)
FNDA:0,(anonymous_6)
FNDA:0,(anonymous_7)
DA:3,0
DA:17,0
DA:18,0
DA:19,0
DA:20,0
DA:23,0
DA:25,0
DA:26,0
DA:27,0
DA:28,0
DA:32,0
DA:33,0
DA:42,0
DA:43,0
DA:53,0
DA:54,0
DA:55,0
DA:67,0
DA:68,0
DA:70,0
DA:71,0
DA:73,0
DA:74,0
DA:83,0
DA:84,0
DA:85,0
DA:86,0
DA:87,0
DA:88,0
DA:90,0
DA:93,0
DA:94,0
DA:104,0
DA:105,0
DA:106,0
DA:116,0
DA:126,0
DA:127,0
DA:128,0
DA:129,0
DA:130,0
DA:139,0
DA:140,0
DA:141,0
DA:142,0
DA:154,0
DA:155,0
DA:156,0
DA:157,0
DA:158,0
DA:160,0
DA:162,0
DA:163,0
DA:164,0
DA:165,0
DA:167,0
DA:168,0
DA:177,0
DA:191,0
DA:192,0
DA:193,0
DA:194,0
DA:195,0
DA:198,0
DA:199,0
DA:200,0
DA:201,0
DA:202,0
DA:214,0
LF:69
LH:0
BRDA:17,0,0,0
BRDA:26,1,0,0
BRDA:27,2,0,0
BRDA:32,3,0,0
BRDA:42,4,0,0
BRDA:42,5,0,0
BRDA:42,5,1,0
BRDA:53,6,0,0
BRDA:53,7,0,0
BRDA:53,7,1,0
BRDA:54,8,0,0
BRDA:67,9,0,0
BRDA:67,9,1,0
BRDA:70,10,0,0
BRDA:70,10,1,0
BRDA:70,11,0,0
BRDA:70,11,1,0
BRDA:73,12,0,0
BRDA:73,12,1,0
BRDA:87,13,0,0
BRDA:93,14,0,0
BRDA:104,15,0,0
BRDA:105,16,0,0
BRDA:105,17,0,0
BRDA:105,17,1,0
BRDA:126,18,0,0
BRDA:126,18,1,0
BRDA:127,19,0,0
BRDA:127,19,1,0
BRDA:128,20,0,0
BRDA:128,20,1,0
BRDA:129,21,0,0
BRDA:129,22,0,0
BRDA:129,22,1,0
BRDA:139,23,0,0
BRDA:140,24,0,0
BRDA:140,24,1,0
BRDA:140,25,0,0
BRDA:140,25,1,0
BRDA:141,26,0,0
BRDA:160,27,0,0
BRDA:160,28,0,0
BRDA:160,28,1,0
BRDA:163,29,0,0
BRDA:163,29,1,0
BRDA:165,30,0,0
BRDA:165,30,1,0
BRDA:167,31,0,0
BRDA:167,32,0,0
BRDA:167,32,1,0
BRDA:173,33,0,0
BRDA:173,33,1,0
BRDA:174,34,0,0
BRDA:174,34,1,0
BRDA:182,35,0,0
BRDA:182,35,1,0
BRDA:183,36,0,0
BRDA:183,36,1,0
BRDA:193,37,0,0
BRDA:194,38,0,0
BRDA:199,39,0,0
BRF:61
BRH:0
end_of_record
TN:
SF:utils/flBalance.ts
FN:12,(anonymous_0)
FN:20,getFLSaldoFinal
FN:33,(anonymous_2)
FNF:3
FNH:0
FNDA:0,(anonymous_0)
FNDA:0,getFLSaldoFinal
FNDA:0,(anonymous_2)
DA:2,0
DA:12,0
DA:13,0
DA:14,0
DA:20,0
DA:21,0
DA:25,0
DA:33,0
DA:34,0
DA:35,0
LF:10
LH:0
BRDA:13,0,0,0
BRDA:13,1,0,0
BRDA:13,1,1,0
BRDA:14,2,0,0
BRDA:14,2,1,0
BRDA:14,3,0,0
BRDA:14,3,1,0
BRDA:14,4,0,0
BRDA:14,4,1,0
BRDA:20,5,0,0
BRDA:21,6,0,0
BRDA:21,6,1,0
BRDA:22,7,0,0
BRDA:22,7,1,0
BRDA:23,8,0,0
BRDA:23,8,1,0
BRDA:25,9,0,0
BRDA:25,9,1,0
BRDA:34,10,0,0
BRDA:34,10,1,0
BRDA:35,11,0,0
BRDA:35,11,1,0
BRF:22
BRH:0
end_of_record
TN:
SF:utils/formatters.ts
FN:2,(anonymous_0)
FN:10,(anonymous_1)
FN:16,(anonymous_2)
FN:20,(anonymous_3)
FN:28,(anonymous_4)
FN:37,(anonymous_5)
FN:45,(anonymous_6)
FN:62,(anonymous_7)
FN:90,(anonymous_8)
FN:104,(anonymous_9)
FN:110,(anonymous_10)
FNF:11
FNH:1
FNDA:2,(anonymous_0)
FNDA:0,(anonymous_1)
FNDA:0,(anonymous_2)
FNDA:0,(anonymous_3)
FNDA:0,(anonymous_4)
FNDA:0,(anonymous_5)
FNDA:0,(anonymous_6)
FNDA:0,(anonymous_7)
FNDA:0,(anonymous_8)
FNDA:0,(anonymous_9)
FNDA:0,(anonymous_10)
DA:2,2
DA:3,2
DA:4,2
DA:5,2
DA:6,2
DA:7,2
DA:10,2
DA:11,0
DA:12,0
DA:16,0
DA:20,2
DA:21,0
DA:22,0
DA:23,0
DA:28,2
DA:29,0
DA:30,0
DA:31,0
DA:32,0
DA:33,0
DA:34,0
DA:37,2
DA:38,0
DA:39,0
DA:40,0
DA:41,0
DA:42,0
DA:45,2
DA:46,0
DA:47,0
DA:48,0
DA:62,2
DA:63,0
DA:64,0
DA:67,0
DA:68,0
DA:69,0
DA:70,0
DA:71,0
DA:75,0
DA:76,0
DA:77,0
DA:80,0
DA:90,2
DA:91,0
DA:104,2
DA:108,0
DA:110,0
DA:111,0
DA:112,0
DA:113,0
DA:114,0
DA:115,0
DA:120,0
LF:54
LH:14
BRDA:4,0,0,0
BRDA:11,1,0,0
BRDA:21,2,0,0
BRDA:29,3,0,0
BRDA:38,4,0,0
BRDA:46,5,0,0
BRDA:64,6,0,0
BRDA:68,7,0,0
BRDA:71,8,0,0
BRDA:71,9,0,0
BRDA:71,9,1,0
BRDA:75,10,0,0
BRDA:75,11,0,0
BRDA:75,11,1,0
BRDA:77,12,0,0
BRDA:77,12,1,0
BRDA:112,13,0,0
BRDA:112,14,0,0
BRDA:112,14,1,0
BRDA:113,15,0,0
BRDA:113,15,1,0
BRDA:114,16,0,0
BRDA:114,17,0,0
BRDA:114,17,1,0
BRF:24
BRH:0
end_of_record
TN:
SF:utils/holidays.ts
FN:73,(anonymous_0)
FN:84,(anonymous_1)
FNF:2
FNH:0
FNDA:0,(anonymous_0)
FNDA:0,(anonymous_1)
DA:6,0
DA:73,0
DA:74,0
DA:77,0
DA:84,0
DA:85,0
DA:86,0
DA:88,0
DA:89,0
LF:9
LH:0
BRDA:74,0,0,0
BRDA:74,0,1,0
BRDA:85,1,0,0
BRDA:85,1,1,0
BRDA:88,2,0,0
BRDA:88,3,0,0
BRDA:88,3,1,0
BRF:7
BRH:0
end_of_record
TN:
SF:utils/logger.ts
FN:7,(anonymous_0)
FN:27,(anonymous_1)
FN:45,(anonymous_2)
FN:51,(anonymous_3)
FN:57,(anonymous_4)
FN:63,(anonymous_5)
FN:69,(anonymous_6)
FN:70,(anonymous_7)
FN:75,(anonymous_8)
FN:80,(anonymous_9)
FN:85,(anonymous_10)
FN:88,(anonymous_11)
FNF:12
FNH:0
FNDA:0,(anonymous_0)
FNDA:0,(anonymous_1)
FNDA:0,(anonymous_2)
FNDA:0,(anonymous_3)
FNDA:0,(anonymous_4)
FNDA:0,(anonymous_5)
FNDA:0,(anonymous_6)
FNDA:0,(anonymous_7)
FNDA:0,(anonymous_8)
FNDA:0,(anonymous_9)
FNDA:0,(anonymous_10)
FNDA:0,(anonymous_11)
DA:7,0
DA:8,0
DA:10,0
DA:11,0
DA:17,0
DA:27,0
DA:28,0
DA:30,0
DA:31,0
DA:34,0
DA:35,0
DA:38,0
DA:39,0
DA:41,0
DA:44,0
DA:46,0
DA:47,0
DA:52,0
DA:53,0
DA:58,0
DA:59,0
DA:65,0
DA:69,0
DA:71,0
DA:72,0
DA:76,0
DA:77,0
DA:81,0
DA:82,0
DA:86,0
DA:88,0
DA:92,0
LF:32
LH:0
BRDA:10,0,0,0
BRDA:10,1,0,0
BRDA:10,1,1,0
BRDA:27,2,0,0
BRDA:30,3,0,0
BRDA:34,4,0,0
BRDA:46,5,0,0
BRDA:52,6,0,0
BRDA:58,7,0,0
BRDA:71,8,0,0
BRDA:76,9,0,0
BRDA:81,10,0,0
BRF:12
BRH:0
end_of_record
TN:
SF:utils/recordDates.ts
FN:5,(anonymous_0)
FN:12,(anonymous_1)
FN:28,(anonymous_2)
FN:34,(anonymous_3)
FN:37,(anonymous_4)
FNF:5
FNH:0
FNDA:0,(anonymous_0)
FNDA:0,(anonymous_1)
FNDA:0,(anonymous_2)
FNDA:0,(anonymous_3)
FNDA:0,(anonymous_4)
DA:5,0
DA:6,0
DA:7,0
DA:8,0
DA:9,0
DA:12,0
DA:16,0
DA:17,0
DA:19,0
DA:20,0
DA:22,0
DA:23,0
DA:25,0
DA:28,0
DA:32,0
DA:34,0
DA:37,0
LF:17
LH:0
BRDA:6,0,0,0
BRDA:9,1,0,0
BRDA:9,1,1,0
BRDA:14,2,0,0
BRDA:16,3,0,0
BRDA:16,3,1,0
BRDA:17,4,0,0
BRDA:17,4,1,0
BRDA:20,5,0,0
BRDA:23,6,0,0
BRDA:25,7,0,0
BRDA:25,7,1,0
BRDA:31,8,0,0
BRDA:36,9,0,0
BRF:14
BRH:0
end_of_record
TN:
SF:utils/rutIntegrity.ts
FN:18,(anonymous_0)
FN:24,(anonymous_1)
FN:35,(anonymous_2)
FN:43,(anonymous_3)
FN:64,(anonymous_4)
FN:68,(anonymous_5)
FN:88,(anonymous_6)
FN:145,(anonymous_7)
FNF:8
FNH:7
FNDA:24,(anonymous_0)
FNDA:24,(anonymous_1)
FNDA:2,(anonymous_2)
FNDA:4,(anonymous_3)
FNDA:14,(anonymous_4)
FNDA:1,(anonymous_5)
FNDA:4,(anonymous_6)
FNDA:0,(anonymous_7)
DA:2,1
DA:3,1
DA:18,1
DA:19,24
DA:24,1
DA:25,24
DA:26,24
DA:28,19
DA:29,19
DA:30,19
DA:32,19
DA:35,1
DA:36,2
DA:37,2
DA:39,2
DA:40,2
DA:43,1
DA:44,4
DA:45,4
DA:47,3
DA:48,3
DA:50,3
DA:51,3
DA:53,3
DA:54,23
DA:55,23
DA:58,3
DA:59,3
DA:61,3
DA:64,1
DA:65,14
DA:68,1
DA:73,1
DA:74,1
DA:76,1
DA:78,1
DA:79,1
DA:80,1
DA:81,1
DA:82,1
DA:85,0
DA:88,1
DA:95,4
DA:96,4
DA:98,4
DA:100,4
DA:101,4
DA:103,4
DA:104,3
DA:105,3
DA:107,3
DA:109,3
DA:113,3
DA:115,2
DA:116,1
DA:125,3
DA:126,2
DA:128,1
DA:129,1
DA:131,1
DA:132,1
DA:133,1
DA:142,2
DA:145,1
DA:146,0
DA:150,0
LF:66
LH:63
BRDA:19,0,0,24
BRDA:19,0,1,4
BRDA:26,1,0,5
BRDA:30,2,0,0
BRDA:37,3,0,0
BRDA:45,4,0,1
BRDA:48,5,0,0
BRDA:48,6,0,3
BRDA:48,6,1,3
BRDA:48,6,2,3
BRDA:48,6,3,3
BRDA:55,7,0,3
BRDA:55,7,1,20
BRDA:59,8,0,0
BRDA:59,8,1,3
BRDA:59,9,0,0
BRDA:59,9,1,3
BRDA:74,10,0,0
BRDA:80,11,0,0
BRDA:80,12,0,1
BRDA:80,12,1,1
BRDA:81,13,0,0
BRDA:81,14,0,1
BRDA:81,14,1,0
BRDA:93,15,0,3
BRDA:98,16,0,0
BRDA:98,17,0,4
BRDA:98,17,1,4
BRDA:105,18,0,0
BRDA:105,19,0,3
BRDA:105,19,1,3
BRDA:109,20,0,3
BRDA:109,20,1,1
BRDA:109,20,2,1
BRDA:109,20,3,1
BRDA:113,21,0,1
BRDA:115,22,0,1
BRDA:115,23,0,2
BRDA:115,23,1,2
BRDA:126,24,0,1
BRDA:126,25,0,2
BRDA:126,25,1,1
BRDA:129,26,0,0
BRDA:129,27,0,1
BRDA:129,27,1,1
BRDA:132,28,0,1
BRDA:132,29,0,1
BRDA:132,29,1,1
BRDA:146,30,0,0
BRDA:146,30,1,0
BRF:50
BRH:36
end_of_record
TN:
SF:utils/search.ts
FN:1,(anonymous_0)
FN:9,(anonymous_1)
FNF:2
FNH:1
FNDA:14,(anonymous_0)
FNDA:0,(anonymous_1)
DA:1,1
DA:2,14
DA:9,1
DA:10,0
LF:4
LH:3
BRDA:2,0,0,14
BRDA:2,0,1,3
BRF:2
BRH:2
end_of_record
TN:
SF:utils/userAdminStorage.ts
FN:24,(anonymous_0)
FN:26,(anonymous_1)
FN:31,(anonymous_2)
FN:32,(anonymous_3)
FN:38,(anonymous_4)
FN:49,(anonymous_5)
FN:67,(anonymous_6)
FN:72,(anonymous_7)
FN:77,(anonymous_8)
FN:89,(anonymous_9)
FN:93,(anonymous_10)
FN:97,(anonymous_11)
FN:105,(anonymous_12)
FN:111,(anonymous_13)
FN:117,(anonymous_14)
FN:125,(anonymous_15)
FN:126,(anonymous_16)
FN:132,(anonymous_17)
FN:139,(anonymous_18)
FN:154,(anonymous_19)
FN:162,(anonymous_20)
FNF:21
FNH:0
FNDA:0,(anonymous_0)
FNDA:0,(anonymous_1)
FNDA:0,(anonymous_2)
FNDA:0,(anonymous_3)
FNDA:0,(anonymous_4)
FNDA:0,(anonymous_5)
FNDA:0,(anonymous_6)
FNDA:0,(anonymous_7)
FNDA:0,(anonymous_8)
FNDA:0,(anonymous_9)
FNDA:0,(anonymous_10)
FNDA:0,(anonymous_11)
FNDA:0,(anonymous_12)
FNDA:0,(anonymous_13)
FNDA:0,(anonymous_14)
FNDA:0,(anonymous_15)
FNDA:0,(anonymous_16)
FNDA:0,(anonymous_17)
FNDA:0,(anonymous_18)
FNDA:0,(anonymous_19)
FNDA:0,(anonymous_20)
DA:14,0
DA:15,0
DA:16,0
DA:17,0
DA:22,0
DA:24,0
DA:26,0
DA:27,0
DA:28,0
DA:31,0
DA:32,0
DA:33,0
DA:34,0
DA:38,0
DA:39,0
DA:40,0
DA:42,0
DA:49,0
DA:50,0
DA:52,0
DA:53,0
DA:54,0
DA:55,0
DA:56,0
DA:64,0
DA:67,0
DA:68,0
DA:69,0
DA:72,0
DA:73,0
DA:74,0
DA:75,0
DA:76,0
DA:77,0
DA:78,0
DA:82,0
DA:85,0
DA:89,0
DA:90,0
DA:93,0
DA:94,0
DA:95,0
DA:96,0
DA:97,0
DA:98,0
DA:99,0
DA:101,0
DA:104,0
DA:105,0
DA:106,0
DA:107,0
DA:108,0
DA:111,0
DA:112,0
DA:115,0
DA:117,0
DA:118,0
DA:119,0
DA:121,0
DA:125,0
DA:126,0
DA:127,0
DA:128,0
DA:129,0
DA:132,0
DA:133,0
DA:136,0
DA:139,0
DA:140,0
DA:141,0
DA:143,0
DA:144,0
DA:151,0
DA:154,0
DA:155,0
DA:156,0
DA:157,0
DA:158,0
DA:159,0
DA:162,0
DA:163,0
DA:164,0
DA:165,0
DA:167,0
DA:177,0
DA:178,0
LF:86
LH:0
BRDA:27,0,0,0
BRDA:43,1,0,0
BRDA:43,1,1,0
BRDA:44,2,0,0
BRDA:44,2,1,0
BRDA:45,3,0,0
BRDA:45,3,1,0
BRDA:54,4,0,0
BRDA:75,5,0,0
BRDA:79,6,0,0
BRDA:79,6,1,0
BRDA:80,7,0,0
BRDA:80,7,1,0
BRDA:96,8,0,0
BRDA:143,9,0,0
BRDA:147,10,0,0
BRDA:147,10,1,0
BRDA:151,11,0,0
BRDA:151,11,1,0
BRDA:157,12,0,0
BRDA:157,12,1,0
BRDA:165,13,0,0
BRDA:165,13,1,0
BRDA:170,14,0,0
BRDA:170,14,1,0
BRDA:170,15,0,0
BRDA:170,15,1,0
BRDA:171,16,0,0
BRDA:171,16,1,0
BRDA:171,17,0,0
BRDA:171,17,1,0
BRDA:172,18,0,0
BRDA:172,18,1,0
BRDA:172,19,0,0
BRDA:172,19,1,0
BRDA:173,20,0,0
BRDA:173,20,1,0
BRF:37
BRH:0
end_of_record
TN:
SF:utils/parsers/dateParser.ts
FN:17,(anonymous_0)
FN:49,(anonymous_1)
FN:62,(anonymous_2)
FN:94,(anonymous_3)
FN:103,(anonymous_4)
FNF:5
FNH:5
FNDA:28,(anonymous_0)
FNDA:3,(anonymous_1)
FNDA:15,(anonymous_2)
FNDA:5,(anonymous_3)
FNDA:7,(anonymous_4)
DA:6,2
DA:17,2
DA:18,28
DA:21,24
DA:22,3
DA:26,21
DA:27,21
DA:28,4
DA:29,4
DA:30,4
DA:31,4
DA:35,17
DA:36,17
DA:37,15
DA:38,15
DA:39,15
DA:40,15
DA:43,2
DA:49,2
DA:50,3
DA:62,2
DA:63,15
DA:64,3
DA:67,12
DA:68,12
DA:71,11
DA:72,11
DA:73,7
DA:77,7
DA:78,5
DA:79,5
DA:80,5
DA:81,5
DA:84,2
DA:87,4
DA:88,4
DA:94,2
DA:95,5
DA:96,5
DA:97,3
DA:103,2
DA:104,7
DA:107,6
DA:108,6
DA:109,5
DA:110,5
DA:114,1
DA:115,1
LF:48
LH:48
BRDA:18,0,0,4
BRDA:21,1,0,3
BRDA:27,2,0,4
BRDA:36,3,0,15
BRDA:38,4,0,15
BRDA:38,4,1,0
BRDA:50,5,0,3
BRDA:50,5,1,1
BRDA:63,6,0,3
BRDA:64,7,0,1
BRDA:64,7,1,2
BRDA:67,8,0,12
BRDA:67,8,1,1
BRDA:68,9,0,1
BRDA:72,10,0,7
BRDA:77,11,0,5
BRDA:81,12,0,0
BRDA:81,12,1,5
BRDA:88,13,0,1
BRDA:88,13,1,3
BRDA:96,14,0,2
BRDA:103,15,0,7
BRDA:103,16,0,7
BRDA:104,17,0,1
BRDA:108,18,0,5
BRDA:110,19,0,5
BRDA:110,19,1,4
BRDA:115,20,0,1
BRDA:115,20,1,0
BRDA:115,20,2,0
BRF:30
BRH:26
end_of_record
TN:
SF:utils/parsers/index.ts
FNF:0
FNH:0
DA:5,0
DA:6,0
LF:2
LH:0
BRF:0
BRH:0
end_of_record
TN:
SF:utils/parsers/recordParser.ts
FN:21,(anonymous_0)
FN:31,(anonymous_1)
FN:42,(anonymous_2)
FN:52,(anonymous_3)
FN:88,(anonymous_4)
FN:103,(anonymous_5)
FN:111,(anonymous_6)
FN:122,(anonymous_7)
FN:151,(anonymous_8)
FN:153,(anonymous_9)
FN:157,(anonymous_10)
FN:217,(anonymous_11)
FN:219,(anonymous_12)
FN:222,(anonymous_13)
FN:303,(anonymous_14)
FN:305,(anonymous_15)
FN:307,(anonymous_16)
FN:349,(anonymous_17)
FN:351,(anonymous_18)
FN:353,(anonymous_19)
FNF:20
FNH:6
FNDA:26,(anonymous_0)
FNDA:5,(anonymous_1)
FNDA:17,(anonymous_2)
FNDA:4,(anonymous_3)
FNDA:11,(anonymous_4)
FNDA:5,(anonymous_5)
FNDA:0,(anonymous_6)
FNDA:0,(anonymous_7)
FNDA:0,(anonymous_8)
FNDA:0,(anonymous_9)
FNDA:0,(anonymous_10)
FNDA:0,(anonymous_11)
FNDA:0,(anonymous_12)
FNDA:0,(anonymous_13)
FNDA:0,(anonymous_14)
FNDA:0,(anonymous_15)
FNDA:0,(anonymous_16)
FNDA:0,(anonymous_17)
FNDA:0,(anonymous_18)
FNDA:0,(anonymous_19)
DA:7,1
DA:8,1
DA:16,1
DA:21,1
DA:22,26
DA:23,26
DA:24,22
DA:25,17
DA:31,1
DA:32,5
DA:33,9
DA:34,9
DA:36,2
DA:42,1
DA:43,17
DA:44,17
DA:45,14
DA:46,7
DA:52,1
DA:53,4
DA:54,4
DA:55,4
DA:56,4
DA:57,4
DA:58,4
DA:60,4
DA:62,4
DA:63,1
DA:65,3
DA:66,1
DA:68,2
DA:69,1
DA:72,1
DA:73,0
DA:75,1
DA:76,0
DA:79,1
DA:88,1
DA:89,11
DA:90,11
DA:92,10
DA:93,10
DA:94,7
DA:95,4
DA:97,1
DA:103,1
DA:104,5
DA:105,5
DA:111,1
DA:112,0
DA:113,0
DA:114,0
DA:115,0
DA:116,0
DA:122,1
DA:123,0
DA:125,0
DA:126,0
DA:128,0
DA:129,0
DA:130,0
DA:131,0
DA:134,0
DA:135,0
DA:136,0
DA:137,0
DA:140,0
DA:151,1
DA:152,0
DA:153,0
DA:154,0
DA:155,0
DA:157,0
DA:158,0
DA:159,0
DA:160,0
DA:161,0
DA:162,0
DA:163,0
DA:164,0
DA:165,0
DA:166,0
DA:167,0
DA:169,0
DA:170,0
DA:171,0
DA:172,0
DA:173,0
DA:174,0
DA:175,0
DA:177,0
DA:178,0
DA:180,0
DA:181,0
DA:183,0
DA:184,0
DA:186,0
DA:187,0
DA:190,0
DA:211,0
DA:217,1
DA:218,0
DA:219,0
DA:220,0
DA:222,0
DA:223,0
DA:225,0
DA:226,0
DA:227,0
DA:228,0
DA:229,0
DA:230,0
DA:231,0
DA:232,0
DA:233,0
DA:234,0
DA:235,0
DA:236,0
DA:237,0
DA:238,0
DA:239,0
DA:240,0
DA:241,0
DA:242,0
DA:244,0
DA:245,0
DA:246,0
DA:247,0
DA:248,0
DA:249,0
DA:250,0
DA:251,0
DA:252,0
DA:253,0
DA:255,0
DA:257,0
DA:258,0
DA:260,0
DA:261,0
DA:263,0
DA:264,0
DA:267,0
DA:297,0
DA:303,1
DA:304,0
DA:305,0
DA:307,0
DA:308,0
DA:309,0
DA:310,0
DA:311,0
DA:312,0
DA:313,0
DA:314,0
DA:315,0
DA:316,0
DA:317,0
DA:318,0
DA:320,0
DA:321,0
DA:322,0
DA:324,0
DA:343,0
DA:349,1
DA:350,0
DA:351,0
DA:353,0
DA:354,0
DA:355,0
DA:356,0
DA:357,0
DA:358,0
DA:359,0
DA:360,0
DA:361,0
DA:362,0
DA:364,0
DA:365,0
DA:366,0
DA:367,0
DA:369,0
DA:394,0
LF:182
LH:52
BRDA:23,0,0,4
BRDA:24,1,0,5
BRDA:34,2,0,3
BRDA:44,3,0,3
BRDA:45,4,0,7
BRDA:62,5,0,1
BRDA:62,6,0,4
BRDA:62,6,1,2
BRDA:63,7,0,0
BRDA:63,7,1,1
BRDA:63,8,0,1
BRDA:63,8,1,0
BRDA:65,9,0,1
BRDA:65,10,0,3
BRDA:65,10,1,2
BRDA:66,11,0,0
BRDA:66,11,1,1
BRDA:66,12,0,1
BRDA:66,12,1,0
BRDA:68,13,0,1
BRDA:68,14,0,2
BRDA:68,14,1,1
BRDA:72,15,0,0
BRDA:72,16,0,1
BRDA:72,16,1,0
BRDA:73,17,0,0
BRDA:73,17,1,0
BRDA:73,18,0,0
BRDA:73,18,1,0
BRDA:75,19,0,0
BRDA:75,20,0,1
BRDA:75,20,1,0
BRDA:76,21,0,0
BRDA:76,21,1,0
BRDA:76,22,0,0
BRDA:76,22,1,0
BRDA:80,23,0,1
BRDA:80,23,1,1
BRDA:81,24,0,1
BRDA:81,24,1,1
BRDA:81,24,2,1
BRDA:90,25,0,1
BRDA:93,26,0,3
BRDA:93,27,0,10
BRDA:93,27,1,9
BRDA:94,28,0,3
BRDA:95,29,0,3
BRDA:105,30,0,2
BRDA:105,30,1,3
BRDA:112,31,0,0
BRDA:112,31,1,0
BRDA:113,32,0,0
BRDA:114,33,0,0
BRDA:114,33,1,0
BRDA:115,34,0,0
BRDA:116,35,0,0
BRDA:116,35,1,0
BRDA:123,36,0,0
BRDA:128,37,0,0
BRDA:128,37,1,0
BRDA:129,38,0,0
BRDA:129,38,1,0
BRDA:130,39,0,0
BRDA:130,40,0,0
BRDA:130,40,1,0
BRDA:134,41,0,0
BRDA:134,41,1,0
BRDA:135,42,0,0
BRDA:135,42,1,0
BRDA:136,43,0,0
BRDA:136,44,0,0
BRDA:136,44,1,0
BRDA:153,45,0,0
BRDA:153,45,1,0
BRDA:154,46,0,0
BRDA:154,46,1,0
BRDA:159,47,0,0
BRDA:159,47,1,0
BRDA:160,48,0,0
BRDA:160,48,1,0
BRDA:161,49,0,0
BRDA:161,49,1,0
BRDA:162,50,0,0
BRDA:162,50,1,0
BRDA:163,51,0,0
BRDA:163,51,1,0
BRDA:164,52,0,0
BRDA:164,52,1,0
BRDA:165,53,0,0
BRDA:165,53,1,0
BRDA:166,54,0,0
BRDA:166,54,1,0
BRDA:167,55,0,0
BRDA:167,55,1,0
BRDA:177,56,0,0
BRDA:177,57,0,0
BRDA:177,57,1,0
BRDA:177,57,2,0
BRDA:180,58,0,0
BRDA:180,59,0,0
BRDA:180,59,1,0
BRDA:183,60,0,0
BRDA:183,61,0,0
BRDA:183,61,1,0
BRDA:186,62,0,0
BRDA:186,63,0,0
BRDA:186,63,1,0
BRDA:191,64,0,0
BRDA:191,64,1,0
BRDA:191,65,0,0
BRDA:191,65,1,0
BRDA:195,66,0,0
BRDA:195,66,1,0
BRDA:196,67,0,0
BRDA:196,67,1,0
BRDA:200,68,0,0
BRDA:200,68,1,0
BRDA:203,69,0,0
BRDA:203,69,1,0
BRDA:204,70,0,0
BRDA:204,70,1,0
BRDA:219,71,0,0
BRDA:219,71,1,0
BRDA:225,72,0,0
BRDA:225,72,1,0
BRDA:226,73,0,0
BRDA:226,73,1,0
BRDA:227,74,0,0
BRDA:227,74,1,0
BRDA:228,75,0,0
BRDA:228,75,1,0
BRDA:229,76,0,0
BRDA:229,76,1,0
BRDA:230,77,0,0
BRDA:230,77,1,0
BRDA:231,78,0,0
BRDA:231,78,1,0
BRDA:232,79,0,0
BRDA:232,79,1,0
BRDA:233,80,0,0
BRDA:233,80,1,0
BRDA:234,81,0,0
BRDA:234,81,1,0
BRDA:235,82,0,0
BRDA:235,82,1,0
BRDA:236,83,0,0
BRDA:236,83,1,0
BRDA:237,84,0,0
BRDA:237,84,1,0
BRDA:238,85,0,0
BRDA:238,85,1,0
BRDA:239,86,0,0
BRDA:239,86,1,0
BRDA:240,87,0,0
BRDA:240,87,1,0
BRDA:241,88,0,0
BRDA:241,88,1,0
BRDA:242,89,0,0
BRDA:242,89,1,0
BRDA:257,90,0,0
BRDA:257,91,0,0
BRDA:257,91,1,0
BRDA:260,92,0,0
BRDA:260,93,0,0
BRDA:260,93,1,0
BRDA:263,94,0,0
BRDA:268,95,0,0
BRDA:268,95,1,0
BRDA:268,96,0,0
BRDA:268,96,1,0
BRDA:309,97,0,0
BRDA:309,97,1,0
BRDA:310,98,0,0
BRDA:310,98,1,0
BRDA:311,99,0,0
BRDA:311,99,1,0
BRDA:312,100,0,0
BRDA:312,100,1,0
BRDA:315,101,0,0
BRDA:315,101,1,0
BRDA:316,102,0,0
BRDA:316,102,1,0
BRDA:317,103,0,0
BRDA:317,103,1,0
BRDA:318,104,0,0
BRDA:318,104,1,0
BRDA:320,105,0,0
BRDA:321,106,0,0
BRDA:322,107,0,0
BRDA:334,108,0,0
BRDA:334,108,1,0
BRDA:338,109,0,0
BRDA:338,109,1,0
BRDA:339,110,0,0
BRDA:339,110,1,0
BRDA:355,111,0,0
BRDA:355,111,1,0
BRDA:356,112,0,0
BRDA:356,112,1,0
BRDA:357,113,0,0
BRDA:357,113,1,0
BRDA:359,114,0,0
BRDA:359,114,1,0
BRDA:360,115,0,0
BRDA:360,115,1,0
BRDA:361,116,0,0
BRDA:361,116,1,0
BRDA:362,117,0,0
BRDA:362,117,1,0
BRDA:364,118,0,0
BRDA:365,119,0,0
BRDA:366,120,0,0
BRDA:367,121,0,0
BRDA:377,122,0,0
BRDA:377,122,1,0
BRDA:378,123,0,0
BRDA:378,123,1,0
BRDA:379,124,0,0
BRDA:379,124,1,0
BRDA:380,125,0,0
BRDA:380,125,1,0
BRDA:381,126,0,0
BRDA:381,126,1,0
BRDA:382,127,0,0
BRDA:382,127,1,0
BRDA:383,128,0,0
BRDA:383,128,1,0
BRDA:384,129,0,0
BRDA:384,129,1,0
BRDA:388,130,0,0
BRDA:388,130,1,0
BRDA:389,131,0,0
BRDA:389,131,1,0
BRDA:390,132,0,0
BRDA:390,132,1,0
BRF:235
BRH:33
end_of_record
